2018-07-05 12:03:39.687 ERROR 49096 --- [main] o.s.boot.SpringApplication               : Application startup failed

java.lang.IllegalStateException: java.lang.IllegalStateException: Logback configuration error detected: 
ERROR in ch.qos.logback.core.rolling.RollingFileAppender[logFile] - 'File' option has the same value "F:\workspace\chapter5/logs/xxl-job-admin/xxl-job-admin.log" as that given for appender [FILE] defined earlier.
ERROR in ch.qos.logback.core.rolling.RollingFileAppender[logFile] - Collisions detected with FileAppender/RollingAppender instances defined earlier. Aborting.
ERROR in ch.qos.logback.core.rolling.RollingFileAppender[logFile] - For more information, please visit http://logback.qos.ch/codes.html#earlier_fa_collision
	at org.springframework.boot.logging.LoggingApplicationListener.initializeSystem(LoggingApplicationListener.java:315)
	at org.springframework.boot.logging.LoggingApplicationListener.initialize(LoggingApplicationListener.java:276)
	at org.springframework.boot.logging.LoggingApplicationListener.onApplicationEnvironmentPreparedEvent(LoggingApplicationListener.java:239)
	at org.springframework.boot.logging.LoggingApplicationListener.onApplicationEvent(LoggingApplicationListener.java:212)
	at org.springframework.context.event.SimpleApplicationEventMulticaster.doInvokeListener(SimpleApplicationEventMulticaster.java:172)
	at org.springframework.context.event.SimpleApplicationEventMulticaster.invokeListener(SimpleApplicationEventMulticaster.java:165)
	at org.springframework.context.event.SimpleApplicationEventMulticaster.multicastEvent(SimpleApplicationEventMulticaster.java:139)
	at org.springframework.context.event.SimpleApplicationEventMulticaster.multicastEvent(SimpleApplicationEventMulticaster.java:122)
	at org.springframework.boot.context.event.EventPublishingRunListener.environmentPrepared(EventPublishingRunListener.java:74)
	at org.springframework.boot.SpringApplicationRunListeners.environmentPrepared(SpringApplicationRunListeners.java:54)
	at org.springframework.boot.SpringApplication.prepareEnvironment(SpringApplication.java:325)
	at org.springframework.boot.SpringApplication.run(SpringApplication.java:296)
	at org.springframework.boot.SpringApplication.run(SpringApplication.java:1118)
	at org.springframework.boot.SpringApplication.run(SpringApplication.java:1107)
	at com.xxl.job.admin.XxlJobAdminApplication.main(XxlJobAdminApplication.java:14)
Caused by: java.lang.IllegalStateException: Logback configuration error detected: 
ERROR in ch.qos.logback.core.rolling.RollingFileAppender[logFile] - 'File' option has the same value "F:\workspace\chapter5/logs/xxl-job-admin/xxl-job-admin.log" as that given for appender [FILE] defined earlier.
ERROR in ch.qos.logback.core.rolling.RollingFileAppender[logFile] - Collisions detected with FileAppender/RollingAppender instances defined earlier. Aborting.
ERROR in ch.qos.logback.core.rolling.RollingFileAppender[logFile] - For more information, please visit http://logback.qos.ch/codes.html#earlier_fa_collision
	at org.springframework.boot.logging.logback.LogbackLoggingSystem.loadConfiguration(LogbackLoggingSystem.java:162)
	at org.springframework.boot.logging.AbstractLoggingSystem.initializeWithSpecificConfig(AbstractLoggingSystem.java:66)
	at org.springframework.boot.logging.AbstractLoggingSystem.initialize(AbstractLoggingSystem.java:56)
	at org.springframework.boot.logging.logback.LogbackLoggingSystem.initialize(LogbackLoggingSystem.java:115)
	at org.springframework.boot.logging.LoggingApplicationListener.initializeSystem(LoggingApplicationListener.java:308)
	... 14 common frames omitted

2018-07-05 13:40:17.231 INFO  [main] c.x.job.admin.XxlJobAdminApplication - No active profile set, falling back to default profiles: default
2018-07-05 13:40:20.822 INFO  [main] c.x.job.admin.XxlJobAdminApplication - Started XxlJobAdminApplication in 7.005 seconds (JVM running for 8.033)
2018-07-05 13:49:18.100 INFO  [http-nio-12001-exec-7] c.x.j.a.c.s.XxlJobDynamicScheduler - >>>>>>>>>>> addJob success, jobDetail:JobDetail '1.1':  jobClass: 'com.xxl.job.admin.core.jobbean.RemoteHttpJobBean concurrentExectionDisallowed: false persistJobDataAfterExecution: false isDurable: false requestsRecovers: false, cronTrigger:Trigger '1.1':  triggerClass: 'org.quartz.impl.triggers.CronTriggerImpl calendar: 'null' misfireInstruction: 2 nextFireTime: Thu Jul 05 13:50:10 CST 2018, date:Thu Jul 05 13:50:10 CST 2018
2018-07-05 13:49:25.050 INFO  [http-nio-12001-exec-6] c.x.j.a.c.s.XxlJobDynamicScheduler - >>>>>>>>>>> runJob success, jobKey:1.1
2018-07-05 13:53:50.672 INFO  [http-nio-12001-exec-3] c.x.j.a.c.s.XxlJobDynamicScheduler - >>>>>>>>>>> runJob success, jobKey:1.1
2018-07-05 13:56:14.925 INFO  [http-nio-12001-exec-4] c.x.j.a.c.s.XxlJobDynamicScheduler - >>>>>>>>>>> removeJob, triggerKey:1.1, result [true]
2018-07-05 14:03:01.699 INFO  [http-nio-12001-exec-10] c.x.j.a.c.s.XxlJobDynamicScheduler - >>>>>>>>>>> addJob success, jobDetail:JobDetail '1.2':  jobClass: 'com.xxl.job.admin.core.jobbean.RemoteHttpJobBean concurrentExectionDisallowed: false persistJobDataAfterExecution: false isDurable: false requestsRecovers: false, cronTrigger:Trigger '1.2':  triggerClass: 'org.quartz.impl.triggers.CronTriggerImpl calendar: 'null' misfireInstruction: 2 nextFireTime: Thu Jul 05 14:03:10 CST 2018, date:Thu Jul 05 14:03:10 CST 2018
2018-07-05 14:03:05.396 INFO  [http-nio-12001-exec-5] c.x.j.a.c.s.XxlJobDynamicScheduler - >>>>>>>>>>> runJob success, jobKey:1.2
2018-07-05 14:04:15.922 INFO  [http-nio-12001-exec-8] c.x.j.a.c.s.XxlJobDynamicScheduler - >>>>>>>>>>> removeJob, triggerKey:1.2, result [true]
2018-07-05 14:08:25.635 INFO  [http-nio-12001-exec-4] c.x.j.a.c.s.XxlJobDynamicScheduler - >>>>>>>>>>> addJob success, jobDetail:JobDetail '2.3':  jobClass: 'com.xxl.job.admin.core.jobbean.RemoteHttpJobBean concurrentExectionDisallowed: false persistJobDataAfterExecution: false isDurable: false requestsRecovers: false, cronTrigger:Trigger '2.3':  triggerClass: 'org.quartz.impl.triggers.CronTriggerImpl calendar: 'null' misfireInstruction: 2 nextFireTime: Thu Jul 05 14:09:10 CST 2018, date:Thu Jul 05 14:09:10 CST 2018
2018-07-05 14:09:06.795 INFO  [http-nio-12001-exec-7] c.x.j.a.c.s.XxlJobDynamicScheduler - >>>>>>>>>>> addJob success, jobDetail:JobDetail '1.4':  jobClass: 'com.xxl.job.admin.core.jobbean.RemoteHttpJobBean concurrentExectionDisallowed: false persistJobDataAfterExecution: false isDurable: false requestsRecovers: false, cronTrigger:Trigger '1.4':  triggerClass: 'org.quartz.impl.triggers.CronTriggerImpl calendar: 'null' misfireInstruction: 2 nextFireTime: Thu Jul 05 14:09:10 CST 2018, date:Thu Jul 05 14:09:10 CST 2018
2018-07-05 14:09:13.990 INFO  [http-nio-12001-exec-3] c.x.j.a.c.s.XxlJobDynamicScheduler - >>>>>>>>>>> runJob success, jobKey:1.4
2018-07-05 14:12:37.176 INFO  [http-nio-12001-exec-5] c.x.j.a.c.s.XxlJobDynamicScheduler - >>>>>>>>>>> runJob success, jobKey:1.4
2018-07-05 14:13:19.986 INFO  [http-nio-12001-exec-8] c.x.j.a.c.s.XxlJobDynamicScheduler - >>>>>>>>>>> removeJob, triggerKey:1.4, result [true]
2018-07-05 14:13:39.912 INFO  [http-nio-12001-exec-9] c.x.j.a.c.s.XxlJobDynamicScheduler - >>>>>>>>>>> addJob success, jobDetail:JobDetail '2.5':  jobClass: 'com.xxl.job.admin.core.jobbean.RemoteHttpJobBean concurrentExectionDisallowed: false persistJobDataAfterExecution: false isDurable: false requestsRecovers: false, cronTrigger:Trigger '2.5':  triggerClass: 'org.quartz.impl.triggers.CronTriggerImpl calendar: 'null' misfireInstruction: 2 nextFireTime: Thu Jul 05 14:14:10 CST 2018, date:Thu Jul 05 14:14:10 CST 2018
2018-07-05 14:14:11.528 INFO  [http-nio-12001-exec-2] c.x.j.a.c.s.XxlJobDynamicScheduler - >>>>>>>>>>> addJob success, jobDetail:JobDetail '2.6':  jobClass: 'com.xxl.job.admin.core.jobbean.RemoteHttpJobBean concurrentExectionDisallowed: false persistJobDataAfterExecution: false isDurable: false requestsRecovers: false, cronTrigger:Trigger '2.6':  triggerClass: 'org.quartz.impl.triggers.CronTriggerImpl calendar: 'null' misfireInstruction: 2 nextFireTime: Thu Jul 05 14:15:10 CST 2018, date:Thu Jul 05 14:15:10 CST 2018
2018-07-05 14:14:32.263 INFO  [http-nio-12001-exec-6] c.x.j.a.c.s.XxlJobDynamicScheduler - >>>>>>>>>>> removeJob, triggerKey:2.3, result [true]
2018-07-05 14:14:37.686 INFO  [http-nio-12001-exec-8] c.x.j.a.c.s.XxlJobDynamicScheduler - >>>>>>>>>>> removeJob, triggerKey:2.5, result [true]
2018-07-05 14:14:41.272 INFO  [http-nio-12001-exec-2] c.x.j.a.c.s.XxlJobDynamicScheduler - >>>>>>>>>>> runJob success, jobKey:2.6
2018-07-05 14:14:41.302 INFO  [http-nio-12001-exec-1] c.x.j.a.c.s.XxlJobDynamicScheduler - >>>>>>>>>>> runJob success, jobKey:2.6
2018-07-05 14:17:43.812 INFO  [http-nio-12001-exec-9] c.x.j.a.c.s.XxlJobDynamicScheduler - >>>>>>>>>>> runJob success, jobKey:2.6
2018-07-05 14:17:45.697 ERROR [quartzScheduler_Worker-2] com.xxl.job.core.util.HttpClientUtil - Connect to 192.168.66.215:9999 [/192.168.66.215] failed: Connection refused: connect
org.apache.http.conn.HttpHostConnectException: Connect to 192.168.66.215:9999 [/192.168.66.215] failed: Connection refused: connect
	at org.apache.http.impl.conn.DefaultHttpClientConnectionOperator.connect(DefaultHttpClientConnectionOperator.java:159)
	at org.apache.http.impl.conn.PoolingHttpClientConnectionManager.connect(PoolingHttpClientConnectionManager.java:373)
	at org.apache.http.impl.execchain.MainClientExec.establishRoute(MainClientExec.java:381)
	at org.apache.http.impl.execchain.MainClientExec.execute(MainClientExec.java:237)
	at org.apache.http.impl.execchain.ProtocolExec.execute(ProtocolExec.java:185)
	at org.apache.http.impl.execchain.RedirectExec.execute(RedirectExec.java:111)
	at org.apache.http.impl.client.InternalHttpClient.doExecute(InternalHttpClient.java:185)
	at org.apache.http.impl.client.CloseableHttpClient.execute(CloseableHttpClient.java:83)
	at org.apache.http.impl.client.CloseableHttpClient.execute(CloseableHttpClient.java:108)
	at com.xxl.job.core.util.HttpClientUtil.postRequest(HttpClientUtil.java:60)
	at com.xxl.job.core.rpc.netcom.jetty.client.JettyClient.send(JettyClient.java:29)
	at com.xxl.job.core.rpc.netcom.NetComClientProxy$1.invoke(NetComClientProxy.java:57)
	at com.sun.proxy.$Proxy102.run(Unknown Source)
	at com.xxl.job.admin.core.trigger.XxlJobTrigger.runExecutor(XxlJobTrigger.java:206)
	at com.xxl.job.admin.core.route.strategy.ExecutorRouteFirst.routeRun(ExecutorRouteFirst.java:26)
	at com.xxl.job.admin.core.trigger.XxlJobTrigger.trigger(XxlJobTrigger.java:173)
	at com.xxl.job.admin.core.jobbean.RemoteHttpJobBean.executeInternal(RemoteHttpJobBean.java:29)
	at org.springframework.scheduling.quartz.QuartzJobBean.execute(QuartzJobBean.java:75)
	at org.quartz.core.JobRunShell.run(JobRunShell.java:202)
	at org.quartz.simpl.SimpleThreadPool$WorkerThread.run(SimpleThreadPool.java:573)
Caused by: java.net.ConnectException: Connection refused: connect
	at java.net.DualStackPlainSocketImpl.waitForConnect(Native Method)
	at java.net.DualStackPlainSocketImpl.socketConnect(DualStackPlainSocketImpl.java:85)
	at java.net.AbstractPlainSocketImpl.doConnect(AbstractPlainSocketImpl.java:350)
	at java.net.AbstractPlainSocketImpl.connectToAddress(AbstractPlainSocketImpl.java:206)
	at java.net.AbstractPlainSocketImpl.connect(AbstractPlainSocketImpl.java:188)
	at java.net.PlainSocketImpl.connect(PlainSocketImpl.java:172)
	at java.net.SocksSocketImpl.connect(SocksSocketImpl.java:392)
	at java.net.Socket.connect(Socket.java:589)
	at org.apache.http.conn.socket.PlainConnectionSocketFactory.connectSocket(PlainConnectionSocketFactory.java:75)
	at org.apache.http.impl.conn.DefaultHttpClientConnectionOperator.connect(DefaultHttpClientConnectionOperator.java:142)
	... 19 common frames omitted
2018-07-05 14:17:45.709 ERROR [quartzScheduler_Worker-2] c.x.j.c.r.n.jetty.client.JettyClient - Connect to 192.168.66.215:9999 [/192.168.66.215] failed: Connection refused: connect
org.apache.http.conn.HttpHostConnectException: Connect to 192.168.66.215:9999 [/192.168.66.215] failed: Connection refused: connect
	at org.apache.http.impl.conn.DefaultHttpClientConnectionOperator.connect(DefaultHttpClientConnectionOperator.java:159)
	at org.apache.http.impl.conn.PoolingHttpClientConnectionManager.connect(PoolingHttpClientConnectionManager.java:373)
	at org.apache.http.impl.execchain.MainClientExec.establishRoute(MainClientExec.java:381)
	at org.apache.http.impl.execchain.MainClientExec.execute(MainClientExec.java:237)
	at org.apache.http.impl.execchain.ProtocolExec.execute(ProtocolExec.java:185)
	at org.apache.http.impl.execchain.RedirectExec.execute(RedirectExec.java:111)
	at org.apache.http.impl.client.InternalHttpClient.doExecute(InternalHttpClient.java:185)
	at org.apache.http.impl.client.CloseableHttpClient.execute(CloseableHttpClient.java:83)
	at org.apache.http.impl.client.CloseableHttpClient.execute(CloseableHttpClient.java:108)
	at com.xxl.job.core.util.HttpClientUtil.postRequest(HttpClientUtil.java:60)
	at com.xxl.job.core.rpc.netcom.jetty.client.JettyClient.send(JettyClient.java:29)
	at com.xxl.job.core.rpc.netcom.NetComClientProxy$1.invoke(NetComClientProxy.java:57)
	at com.sun.proxy.$Proxy102.run(Unknown Source)
	at com.xxl.job.admin.core.trigger.XxlJobTrigger.runExecutor(XxlJobTrigger.java:206)
	at com.xxl.job.admin.core.route.strategy.ExecutorRouteFirst.routeRun(ExecutorRouteFirst.java:26)
	at com.xxl.job.admin.core.trigger.XxlJobTrigger.trigger(XxlJobTrigger.java:173)
	at com.xxl.job.admin.core.jobbean.RemoteHttpJobBean.executeInternal(RemoteHttpJobBean.java:29)
	at org.springframework.scheduling.quartz.QuartzJobBean.execute(QuartzJobBean.java:75)
	at org.quartz.core.JobRunShell.run(JobRunShell.java:202)
	at org.quartz.simpl.SimpleThreadPool$WorkerThread.run(SimpleThreadPool.java:573)
Caused by: java.net.ConnectException: Connection refused: connect
	at java.net.DualStackPlainSocketImpl.waitForConnect(Native Method)
	at java.net.DualStackPlainSocketImpl.socketConnect(DualStackPlainSocketImpl.java:85)
	at java.net.AbstractPlainSocketImpl.doConnect(AbstractPlainSocketImpl.java:350)
	at java.net.AbstractPlainSocketImpl.connectToAddress(AbstractPlainSocketImpl.java:206)
	at java.net.AbstractPlainSocketImpl.connect(AbstractPlainSocketImpl.java:188)
	at java.net.PlainSocketImpl.connect(PlainSocketImpl.java:172)
	at java.net.SocksSocketImpl.connect(SocksSocketImpl.java:392)
	at java.net.Socket.connect(Socket.java:589)
	at org.apache.http.conn.socket.PlainConnectionSocketFactory.connectSocket(PlainConnectionSocketFactory.java:75)
	at org.apache.http.impl.conn.DefaultHttpClientConnectionOperator.connect(DefaultHttpClientConnectionOperator.java:142)
	... 19 common frames omitted
2018-07-05 14:17:45.715 ERROR [quartzScheduler_Worker-2] c.x.j.a.core.trigger.XxlJobTrigger - >>>>>>>>>>> xxl-job trigger error, please check if the executor[192.168.66.215:9999] is running.
java.lang.RuntimeException: Client-error:Connect to 192.168.66.215:9999 [/192.168.66.215] failed: Connection refused: connect
	at com.xxl.job.core.rpc.netcom.NetComClientProxy$1.invoke(NetComClientProxy.java:65)
	at com.sun.proxy.$Proxy102.run(Unknown Source)
	at com.xxl.job.admin.core.trigger.XxlJobTrigger.runExecutor(XxlJobTrigger.java:206)
	at com.xxl.job.admin.core.route.strategy.ExecutorRouteFirst.routeRun(ExecutorRouteFirst.java:26)
	at com.xxl.job.admin.core.trigger.XxlJobTrigger.trigger(XxlJobTrigger.java:173)
	at com.xxl.job.admin.core.jobbean.RemoteHttpJobBean.executeInternal(RemoteHttpJobBean.java:29)
	at org.springframework.scheduling.quartz.QuartzJobBean.execute(QuartzJobBean.java:75)
	at org.quartz.core.JobRunShell.run(JobRunShell.java:202)
	at org.quartz.simpl.SimpleThreadPool$WorkerThread.run(SimpleThreadPool.java:573)
2018-07-05 14:18:11.160 ERROR [quartzScheduler_Worker-3] com.xxl.job.core.util.HttpClientUtil - Connect to 192.168.66.215:9999 [/192.168.66.215] failed: Connection refused: connect
org.apache.http.conn.HttpHostConnectException: Connect to 192.168.66.215:9999 [/192.168.66.215] failed: Connection refused: connect
	at org.apache.http.impl.conn.DefaultHttpClientConnectionOperator.connect(DefaultHttpClientConnectionOperator.java:159)
	at org.apache.http.impl.conn.PoolingHttpClientConnectionManager.connect(PoolingHttpClientConnectionManager.java:373)
	at org.apache.http.impl.execchain.MainClientExec.establishRoute(MainClientExec.java:381)
	at org.apache.http.impl.execchain.MainClientExec.execute(MainClientExec.java:237)
	at org.apache.http.impl.execchain.ProtocolExec.execute(ProtocolExec.java:185)
	at org.apache.http.impl.execchain.RedirectExec.execute(RedirectExec.java:111)
	at org.apache.http.impl.client.InternalHttpClient.doExecute(InternalHttpClient.java:185)
	at org.apache.http.impl.client.CloseableHttpClient.execute(CloseableHttpClient.java:83)
	at org.apache.http.impl.client.CloseableHttpClient.execute(CloseableHttpClient.java:108)
	at com.xxl.job.core.util.HttpClientUtil.postRequest(HttpClientUtil.java:60)
	at com.xxl.job.core.rpc.netcom.jetty.client.JettyClient.send(JettyClient.java:29)
	at com.xxl.job.core.rpc.netcom.NetComClientProxy$1.invoke(NetComClientProxy.java:57)
	at com.sun.proxy.$Proxy102.run(Unknown Source)
	at com.xxl.job.admin.core.trigger.XxlJobTrigger.runExecutor(XxlJobTrigger.java:206)
	at com.xxl.job.admin.core.route.strategy.ExecutorRouteFirst.routeRun(ExecutorRouteFirst.java:26)
	at com.xxl.job.admin.core.trigger.XxlJobTrigger.trigger(XxlJobTrigger.java:173)
	at com.xxl.job.admin.core.jobbean.RemoteHttpJobBean.executeInternal(RemoteHttpJobBean.java:29)
	at org.springframework.scheduling.quartz.QuartzJobBean.execute(QuartzJobBean.java:75)
	at org.quartz.core.JobRunShell.run(JobRunShell.java:202)
	at org.quartz.simpl.SimpleThreadPool$WorkerThread.run(SimpleThreadPool.java:573)
Caused by: java.net.ConnectException: Connection refused: connect
	at java.net.DualStackPlainSocketImpl.waitForConnect(Native Method)
	at java.net.DualStackPlainSocketImpl.socketConnect(DualStackPlainSocketImpl.java:85)
	at java.net.AbstractPlainSocketImpl.doConnect(AbstractPlainSocketImpl.java:350)
	at java.net.AbstractPlainSocketImpl.connectToAddress(AbstractPlainSocketImpl.java:206)
	at java.net.AbstractPlainSocketImpl.connect(AbstractPlainSocketImpl.java:188)
	at java.net.PlainSocketImpl.connect(PlainSocketImpl.java:172)
	at java.net.SocksSocketImpl.connect(SocksSocketImpl.java:392)
	at java.net.Socket.connect(Socket.java:589)
	at org.apache.http.conn.socket.PlainConnectionSocketFactory.connectSocket(PlainConnectionSocketFactory.java:75)
	at org.apache.http.impl.conn.DefaultHttpClientConnectionOperator.connect(DefaultHttpClientConnectionOperator.java:142)
	... 19 common frames omitted
2018-07-05 14:18:11.163 ERROR [quartzScheduler_Worker-3] c.x.j.c.r.n.jetty.client.JettyClient - Connect to 192.168.66.215:9999 [/192.168.66.215] failed: Connection refused: connect
org.apache.http.conn.HttpHostConnectException: Connect to 192.168.66.215:9999 [/192.168.66.215] failed: Connection refused: connect
	at org.apache.http.impl.conn.DefaultHttpClientConnectionOperator.connect(DefaultHttpClientConnectionOperator.java:159)
	at org.apache.http.impl.conn.PoolingHttpClientConnectionManager.connect(PoolingHttpClientConnectionManager.java:373)
	at org.apache.http.impl.execchain.MainClientExec.establishRoute(MainClientExec.java:381)
	at org.apache.http.impl.execchain.MainClientExec.execute(MainClientExec.java:237)
	at org.apache.http.impl.execchain.ProtocolExec.execute(ProtocolExec.java:185)
	at org.apache.http.impl.execchain.RedirectExec.execute(RedirectExec.java:111)
	at org.apache.http.impl.client.InternalHttpClient.doExecute(InternalHttpClient.java:185)
	at org.apache.http.impl.client.CloseableHttpClient.execute(CloseableHttpClient.java:83)
	at org.apache.http.impl.client.CloseableHttpClient.execute(CloseableHttpClient.java:108)
	at com.xxl.job.core.util.HttpClientUtil.postRequest(HttpClientUtil.java:60)
	at com.xxl.job.core.rpc.netcom.jetty.client.JettyClient.send(JettyClient.java:29)
	at com.xxl.job.core.rpc.netcom.NetComClientProxy$1.invoke(NetComClientProxy.java:57)
	at com.sun.proxy.$Proxy102.run(Unknown Source)
	at com.xxl.job.admin.core.trigger.XxlJobTrigger.runExecutor(XxlJobTrigger.java:206)
	at com.xxl.job.admin.core.route.strategy.ExecutorRouteFirst.routeRun(ExecutorRouteFirst.java:26)
	at com.xxl.job.admin.core.trigger.XxlJobTrigger.trigger(XxlJobTrigger.java:173)
	at com.xxl.job.admin.core.jobbean.RemoteHttpJobBean.executeInternal(RemoteHttpJobBean.java:29)
	at org.springframework.scheduling.quartz.QuartzJobBean.execute(QuartzJobBean.java:75)
	at org.quartz.core.JobRunShell.run(JobRunShell.java:202)
	at org.quartz.simpl.SimpleThreadPool$WorkerThread.run(SimpleThreadPool.java:573)
Caused by: java.net.ConnectException: Connection refused: connect
	at java.net.DualStackPlainSocketImpl.waitForConnect(Native Method)
	at java.net.DualStackPlainSocketImpl.socketConnect(DualStackPlainSocketImpl.java:85)
	at java.net.AbstractPlainSocketImpl.doConnect(AbstractPlainSocketImpl.java:350)
	at java.net.AbstractPlainSocketImpl.connectToAddress(AbstractPlainSocketImpl.java:206)
	at java.net.AbstractPlainSocketImpl.connect(AbstractPlainSocketImpl.java:188)
	at java.net.PlainSocketImpl.connect(PlainSocketImpl.java:172)
	at java.net.SocksSocketImpl.connect(SocksSocketImpl.java:392)
	at java.net.Socket.connect(Socket.java:589)
	at org.apache.http.conn.socket.PlainConnectionSocketFactory.connectSocket(PlainConnectionSocketFactory.java:75)
	at org.apache.http.impl.conn.DefaultHttpClientConnectionOperator.connect(DefaultHttpClientConnectionOperator.java:142)
	... 19 common frames omitted
2018-07-05 14:18:11.166 ERROR [quartzScheduler_Worker-3] c.x.j.a.core.trigger.XxlJobTrigger - >>>>>>>>>>> xxl-job trigger error, please check if the executor[192.168.66.215:9999] is running.
java.lang.RuntimeException: Client-error:Connect to 192.168.66.215:9999 [/192.168.66.215] failed: Connection refused: connect
	at com.xxl.job.core.rpc.netcom.NetComClientProxy$1.invoke(NetComClientProxy.java:65)
	at com.sun.proxy.$Proxy102.run(Unknown Source)
	at com.xxl.job.admin.core.trigger.XxlJobTrigger.runExecutor(XxlJobTrigger.java:206)
	at com.xxl.job.admin.core.route.strategy.ExecutorRouteFirst.routeRun(ExecutorRouteFirst.java:26)
	at com.xxl.job.admin.core.trigger.XxlJobTrigger.trigger(XxlJobTrigger.java:173)
	at com.xxl.job.admin.core.jobbean.RemoteHttpJobBean.executeInternal(RemoteHttpJobBean.java:29)
	at org.springframework.scheduling.quartz.QuartzJobBean.execute(QuartzJobBean.java:75)
	at org.quartz.core.JobRunShell.run(JobRunShell.java:202)
	at org.quartz.simpl.SimpleThreadPool$WorkerThread.run(SimpleThreadPool.java:573)
2018-07-05 14:18:53.419 INFO  [http-nio-12001-exec-8] c.x.j.a.c.s.XxlJobDynamicScheduler - >>>>>>>>>>> runJob success, jobKey:2.6
2018-07-05 14:18:54.521 ERROR [quartzScheduler_Worker-4] com.xxl.job.core.util.HttpClientUtil - Connect to 192.168.66.215:9999 [/192.168.66.215] failed: Connection refused: connect
org.apache.http.conn.HttpHostConnectException: Connect to 192.168.66.215:9999 [/192.168.66.215] failed: Connection refused: connect
	at org.apache.http.impl.conn.DefaultHttpClientConnectionOperator.connect(DefaultHttpClientConnectionOperator.java:159)
	at org.apache.http.impl.conn.PoolingHttpClientConnectionManager.connect(PoolingHttpClientConnectionManager.java:373)
	at org.apache.http.impl.execchain.MainClientExec.establishRoute(MainClientExec.java:381)
	at org.apache.http.impl.execchain.MainClientExec.execute(MainClientExec.java:237)
	at org.apache.http.impl.execchain.ProtocolExec.execute(ProtocolExec.java:185)
	at org.apache.http.impl.execchain.RedirectExec.execute(RedirectExec.java:111)
	at org.apache.http.impl.client.InternalHttpClient.doExecute(InternalHttpClient.java:185)
	at org.apache.http.impl.client.CloseableHttpClient.execute(CloseableHttpClient.java:83)
	at org.apache.http.impl.client.CloseableHttpClient.execute(CloseableHttpClient.java:108)
	at com.xxl.job.core.util.HttpClientUtil.postRequest(HttpClientUtil.java:60)
	at com.xxl.job.core.rpc.netcom.jetty.client.JettyClient.send(JettyClient.java:29)
	at com.xxl.job.core.rpc.netcom.NetComClientProxy$1.invoke(NetComClientProxy.java:57)
	at com.sun.proxy.$Proxy102.run(Unknown Source)
	at com.xxl.job.admin.core.trigger.XxlJobTrigger.runExecutor(XxlJobTrigger.java:206)
	at com.xxl.job.admin.core.route.strategy.ExecutorRouteFirst.routeRun(ExecutorRouteFirst.java:26)
	at com.xxl.job.admin.core.trigger.XxlJobTrigger.trigger(XxlJobTrigger.java:173)
	at com.xxl.job.admin.core.jobbean.RemoteHttpJobBean.executeInternal(RemoteHttpJobBean.java:29)
	at org.springframework.scheduling.quartz.QuartzJobBean.execute(QuartzJobBean.java:75)
	at org.quartz.core.JobRunShell.run(JobRunShell.java:202)
	at org.quartz.simpl.SimpleThreadPool$WorkerThread.run(SimpleThreadPool.java:573)
Caused by: java.net.ConnectException: Connection refused: connect
	at java.net.DualStackPlainSocketImpl.waitForConnect(Native Method)
	at java.net.DualStackPlainSocketImpl.socketConnect(DualStackPlainSocketImpl.java:85)
	at java.net.AbstractPlainSocketImpl.doConnect(AbstractPlainSocketImpl.java:350)
	at java.net.AbstractPlainSocketImpl.connectToAddress(AbstractPlainSocketImpl.java:206)
	at java.net.AbstractPlainSocketImpl.connect(AbstractPlainSocketImpl.java:188)
	at java.net.PlainSocketImpl.connect(PlainSocketImpl.java:172)
	at java.net.SocksSocketImpl.connect(SocksSocketImpl.java:392)
	at java.net.Socket.connect(Socket.java:589)
	at org.apache.http.conn.socket.PlainConnectionSocketFactory.connectSocket(PlainConnectionSocketFactory.java:75)
	at org.apache.http.impl.conn.DefaultHttpClientConnectionOperator.connect(DefaultHttpClientConnectionOperator.java:142)
	... 19 common frames omitted
2018-07-05 14:18:54.527 ERROR [quartzScheduler_Worker-4] c.x.j.c.r.n.jetty.client.JettyClient - Connect to 192.168.66.215:9999 [/192.168.66.215] failed: Connection refused: connect
org.apache.http.conn.HttpHostConnectException: Connect to 192.168.66.215:9999 [/192.168.66.215] failed: Connection refused: connect
	at org.apache.http.impl.conn.DefaultHttpClientConnectionOperator.connect(DefaultHttpClientConnectionOperator.java:159)
	at org.apache.http.impl.conn.PoolingHttpClientConnectionManager.connect(PoolingHttpClientConnectionManager.java:373)
	at org.apache.http.impl.execchain.MainClientExec.establishRoute(MainClientExec.java:381)
	at org.apache.http.impl.execchain.MainClientExec.execute(MainClientExec.java:237)
	at org.apache.http.impl.execchain.ProtocolExec.execute(ProtocolExec.java:185)
	at org.apache.http.impl.execchain.RedirectExec.execute(RedirectExec.java:111)
	at org.apache.http.impl.client.InternalHttpClient.doExecute(InternalHttpClient.java:185)
	at org.apache.http.impl.client.CloseableHttpClient.execute(CloseableHttpClient.java:83)
	at org.apache.http.impl.client.CloseableHttpClient.execute(CloseableHttpClient.java:108)
	at com.xxl.job.core.util.HttpClientUtil.postRequest(HttpClientUtil.java:60)
	at com.xxl.job.core.rpc.netcom.jetty.client.JettyClient.send(JettyClient.java:29)
	at com.xxl.job.core.rpc.netcom.NetComClientProxy$1.invoke(NetComClientProxy.java:57)
	at com.sun.proxy.$Proxy102.run(Unknown Source)
	at com.xxl.job.admin.core.trigger.XxlJobTrigger.runExecutor(XxlJobTrigger.java:206)
	at com.xxl.job.admin.core.route.strategy.ExecutorRouteFirst.routeRun(ExecutorRouteFirst.java:26)
	at com.xxl.job.admin.core.trigger.XxlJobTrigger.trigger(XxlJobTrigger.java:173)
	at com.xxl.job.admin.core.jobbean.RemoteHttpJobBean.executeInternal(RemoteHttpJobBean.java:29)
	at org.springframework.scheduling.quartz.QuartzJobBean.execute(QuartzJobBean.java:75)
	at org.quartz.core.JobRunShell.run(JobRunShell.java:202)
	at org.quartz.simpl.SimpleThreadPool$WorkerThread.run(SimpleThreadPool.java:573)
Caused by: java.net.ConnectException: Connection refused: connect
	at java.net.DualStackPlainSocketImpl.waitForConnect(Native Method)
	at java.net.DualStackPlainSocketImpl.socketConnect(DualStackPlainSocketImpl.java:85)
	at java.net.AbstractPlainSocketImpl.doConnect(AbstractPlainSocketImpl.java:350)
	at java.net.AbstractPlainSocketImpl.connectToAddress(AbstractPlainSocketImpl.java:206)
	at java.net.AbstractPlainSocketImpl.connect(AbstractPlainSocketImpl.java:188)
	at java.net.PlainSocketImpl.connect(PlainSocketImpl.java:172)
	at java.net.SocksSocketImpl.connect(SocksSocketImpl.java:392)
	at java.net.Socket.connect(Socket.java:589)
	at org.apache.http.conn.socket.PlainConnectionSocketFactory.connectSocket(PlainConnectionSocketFactory.java:75)
	at org.apache.http.impl.conn.DefaultHttpClientConnectionOperator.connect(DefaultHttpClientConnectionOperator.java:142)
	... 19 common frames omitted
2018-07-05 14:18:54.529 ERROR [quartzScheduler_Worker-4] c.x.j.a.core.trigger.XxlJobTrigger - >>>>>>>>>>> xxl-job trigger error, please check if the executor[192.168.66.215:9999] is running.
java.lang.RuntimeException: Client-error:Connect to 192.168.66.215:9999 [/192.168.66.215] failed: Connection refused: connect
	at com.xxl.job.core.rpc.netcom.NetComClientProxy$1.invoke(NetComClientProxy.java:65)
	at com.sun.proxy.$Proxy102.run(Unknown Source)
	at com.xxl.job.admin.core.trigger.XxlJobTrigger.runExecutor(XxlJobTrigger.java:206)
	at com.xxl.job.admin.core.route.strategy.ExecutorRouteFirst.routeRun(ExecutorRouteFirst.java:26)
	at com.xxl.job.admin.core.trigger.XxlJobTrigger.trigger(XxlJobTrigger.java:173)
	at com.xxl.job.admin.core.jobbean.RemoteHttpJobBean.executeInternal(RemoteHttpJobBean.java:29)
	at org.springframework.scheduling.quartz.QuartzJobBean.execute(QuartzJobBean.java:75)
	at org.quartz.core.JobRunShell.run(JobRunShell.java:202)
	at org.quartz.simpl.SimpleThreadPool$WorkerThread.run(SimpleThreadPool.java:573)
2018-07-05 14:19:11.122 ERROR [quartzScheduler_Worker-5] com.xxl.job.core.util.HttpClientUtil - Connect to 192.168.66.215:9999 [/192.168.66.215] failed: Connection refused: connect
org.apache.http.conn.HttpHostConnectException: Connect to 192.168.66.215:9999 [/192.168.66.215] failed: Connection refused: connect
	at org.apache.http.impl.conn.DefaultHttpClientConnectionOperator.connect(DefaultHttpClientConnectionOperator.java:159)
	at org.apache.http.impl.conn.PoolingHttpClientConnectionManager.connect(PoolingHttpClientConnectionManager.java:373)
	at org.apache.http.impl.execchain.MainClientExec.establishRoute(MainClientExec.java:381)
	at org.apache.http.impl.execchain.MainClientExec.execute(MainClientExec.java:237)
	at org.apache.http.impl.execchain.ProtocolExec.execute(ProtocolExec.java:185)
	at org.apache.http.impl.execchain.RedirectExec.execute(RedirectExec.java:111)
	at org.apache.http.impl.client.InternalHttpClient.doExecute(InternalHttpClient.java:185)
	at org.apache.http.impl.client.CloseableHttpClient.execute(CloseableHttpClient.java:83)
	at org.apache.http.impl.client.CloseableHttpClient.execute(CloseableHttpClient.java:108)
	at com.xxl.job.core.util.HttpClientUtil.postRequest(HttpClientUtil.java:60)
	at com.xxl.job.core.rpc.netcom.jetty.client.JettyClient.send(JettyClient.java:29)
	at com.xxl.job.core.rpc.netcom.NetComClientProxy$1.invoke(NetComClientProxy.java:57)
	at com.sun.proxy.$Proxy102.run(Unknown Source)
	at com.xxl.job.admin.core.trigger.XxlJobTrigger.runExecutor(XxlJobTrigger.java:206)
	at com.xxl.job.admin.core.route.strategy.ExecutorRouteFirst.routeRun(ExecutorRouteFirst.java:26)
	at com.xxl.job.admin.core.trigger.XxlJobTrigger.trigger(XxlJobTrigger.java:173)
	at com.xxl.job.admin.core.jobbean.RemoteHttpJobBean.executeInternal(RemoteHttpJobBean.java:29)
	at org.springframework.scheduling.quartz.QuartzJobBean.execute(QuartzJobBean.java:75)
	at org.quartz.core.JobRunShell.run(JobRunShell.java:202)
	at org.quartz.simpl.SimpleThreadPool$WorkerThread.run(SimpleThreadPool.java:573)
Caused by: java.net.ConnectException: Connection refused: connect
	at java.net.DualStackPlainSocketImpl.waitForConnect(Native Method)
	at java.net.DualStackPlainSocketImpl.socketConnect(DualStackPlainSocketImpl.java:85)
	at java.net.AbstractPlainSocketImpl.doConnect(AbstractPlainSocketImpl.java:350)
	at java.net.AbstractPlainSocketImpl.connectToAddress(AbstractPlainSocketImpl.java:206)
	at java.net.AbstractPlainSocketImpl.connect(AbstractPlainSocketImpl.java:188)
	at java.net.PlainSocketImpl.connect(PlainSocketImpl.java:172)
	at java.net.SocksSocketImpl.connect(SocksSocketImpl.java:392)
	at java.net.Socket.connect(Socket.java:589)
	at org.apache.http.conn.socket.PlainConnectionSocketFactory.connectSocket(PlainConnectionSocketFactory.java:75)
	at org.apache.http.impl.conn.DefaultHttpClientConnectionOperator.connect(DefaultHttpClientConnectionOperator.java:142)
	... 19 common frames omitted
2018-07-05 14:19:11.126 ERROR [quartzScheduler_Worker-5] c.x.j.c.r.n.jetty.client.JettyClient - Connect to 192.168.66.215:9999 [/192.168.66.215] failed: Connection refused: connect
org.apache.http.conn.HttpHostConnectException: Connect to 192.168.66.215:9999 [/192.168.66.215] failed: Connection refused: connect
	at org.apache.http.impl.conn.DefaultHttpClientConnectionOperator.connect(DefaultHttpClientConnectionOperator.java:159)
	at org.apache.http.impl.conn.PoolingHttpClientConnectionManager.connect(PoolingHttpClientConnectionManager.java:373)
	at org.apache.http.impl.execchain.MainClientExec.establishRoute(MainClientExec.java:381)
	at org.apache.http.impl.execchain.MainClientExec.execute(MainClientExec.java:237)
	at org.apache.http.impl.execchain.ProtocolExec.execute(ProtocolExec.java:185)
	at org.apache.http.impl.execchain.RedirectExec.execute(RedirectExec.java:111)
	at org.apache.http.impl.client.InternalHttpClient.doExecute(InternalHttpClient.java:185)
	at org.apache.http.impl.client.CloseableHttpClient.execute(CloseableHttpClient.java:83)
	at org.apache.http.impl.client.CloseableHttpClient.execute(CloseableHttpClient.java:108)
	at com.xxl.job.core.util.HttpClientUtil.postRequest(HttpClientUtil.java:60)
	at com.xxl.job.core.rpc.netcom.jetty.client.JettyClient.send(JettyClient.java:29)
	at com.xxl.job.core.rpc.netcom.NetComClientProxy$1.invoke(NetComClientProxy.java:57)
	at com.sun.proxy.$Proxy102.run(Unknown Source)
	at com.xxl.job.admin.core.trigger.XxlJobTrigger.runExecutor(XxlJobTrigger.java:206)
	at com.xxl.job.admin.core.route.strategy.ExecutorRouteFirst.routeRun(ExecutorRouteFirst.java:26)
	at com.xxl.job.admin.core.trigger.XxlJobTrigger.trigger(XxlJobTrigger.java:173)
	at com.xxl.job.admin.core.jobbean.RemoteHttpJobBean.executeInternal(RemoteHttpJobBean.java:29)
	at org.springframework.scheduling.quartz.QuartzJobBean.execute(QuartzJobBean.java:75)
	at org.quartz.core.JobRunShell.run(JobRunShell.java:202)
	at org.quartz.simpl.SimpleThreadPool$WorkerThread.run(SimpleThreadPool.java:573)
Caused by: java.net.ConnectException: Connection refused: connect
	at java.net.DualStackPlainSocketImpl.waitForConnect(Native Method)
	at java.net.DualStackPlainSocketImpl.socketConnect(DualStackPlainSocketImpl.java:85)
	at java.net.AbstractPlainSocketImpl.doConnect(AbstractPlainSocketImpl.java:350)
	at java.net.AbstractPlainSocketImpl.connectToAddress(AbstractPlainSocketImpl.java:206)
	at java.net.AbstractPlainSocketImpl.connect(AbstractPlainSocketImpl.java:188)
	at java.net.PlainSocketImpl.connect(PlainSocketImpl.java:172)
	at java.net.SocksSocketImpl.connect(SocksSocketImpl.java:392)
	at java.net.Socket.connect(Socket.java:589)
	at org.apache.http.conn.socket.PlainConnectionSocketFactory.connectSocket(PlainConnectionSocketFactory.java:75)
	at org.apache.http.impl.conn.DefaultHttpClientConnectionOperator.connect(DefaultHttpClientConnectionOperator.java:142)
	... 19 common frames omitted
2018-07-05 14:19:11.129 ERROR [quartzScheduler_Worker-5] c.x.j.a.core.trigger.XxlJobTrigger - >>>>>>>>>>> xxl-job trigger error, please check if the executor[192.168.66.215:9999] is running.
java.lang.RuntimeException: Client-error:Connect to 192.168.66.215:9999 [/192.168.66.215] failed: Connection refused: connect
	at com.xxl.job.core.rpc.netcom.NetComClientProxy$1.invoke(NetComClientProxy.java:65)
	at com.sun.proxy.$Proxy102.run(Unknown Source)
	at com.xxl.job.admin.core.trigger.XxlJobTrigger.runExecutor(XxlJobTrigger.java:206)
	at com.xxl.job.admin.core.route.strategy.ExecutorRouteFirst.routeRun(ExecutorRouteFirst.java:26)
	at com.xxl.job.admin.core.trigger.XxlJobTrigger.trigger(XxlJobTrigger.java:173)
	at com.xxl.job.admin.core.jobbean.RemoteHttpJobBean.executeInternal(RemoteHttpJobBean.java:29)
	at org.springframework.scheduling.quartz.QuartzJobBean.execute(QuartzJobBean.java:75)
	at org.quartz.core.JobRunShell.run(JobRunShell.java:202)
	at org.quartz.simpl.SimpleThreadPool$WorkerThread.run(SimpleThreadPool.java:573)
2018-07-05 14:20:11.128 ERROR [quartzScheduler_Worker-6] com.xxl.job.core.util.HttpClientUtil - Connect to 192.168.66.215:9999 [/192.168.66.215] failed: Connection refused: connect
org.apache.http.conn.HttpHostConnectException: Connect to 192.168.66.215:9999 [/192.168.66.215] failed: Connection refused: connect
	at org.apache.http.impl.conn.DefaultHttpClientConnectionOperator.connect(DefaultHttpClientConnectionOperator.java:159)
	at org.apache.http.impl.conn.PoolingHttpClientConnectionManager.connect(PoolingHttpClientConnectionManager.java:373)
	at org.apache.http.impl.execchain.MainClientExec.establishRoute(MainClientExec.java:381)
	at org.apache.http.impl.execchain.MainClientExec.execute(MainClientExec.java:237)
	at org.apache.http.impl.execchain.ProtocolExec.execute(ProtocolExec.java:185)
	at org.apache.http.impl.execchain.RedirectExec.execute(RedirectExec.java:111)
	at org.apache.http.impl.client.InternalHttpClient.doExecute(InternalHttpClient.java:185)
	at org.apache.http.impl.client.CloseableHttpClient.execute(CloseableHttpClient.java:83)
	at org.apache.http.impl.client.CloseableHttpClient.execute(CloseableHttpClient.java:108)
	at com.xxl.job.core.util.HttpClientUtil.postRequest(HttpClientUtil.java:60)
	at com.xxl.job.core.rpc.netcom.jetty.client.JettyClient.send(JettyClient.java:29)
	at com.xxl.job.core.rpc.netcom.NetComClientProxy$1.invoke(NetComClientProxy.java:57)
	at com.sun.proxy.$Proxy102.run(Unknown Source)
	at com.xxl.job.admin.core.trigger.XxlJobTrigger.runExecutor(XxlJobTrigger.java:206)
	at com.xxl.job.admin.core.route.strategy.ExecutorRouteFirst.routeRun(ExecutorRouteFirst.java:26)
	at com.xxl.job.admin.core.trigger.XxlJobTrigger.trigger(XxlJobTrigger.java:173)
	at com.xxl.job.admin.core.jobbean.RemoteHttpJobBean.executeInternal(RemoteHttpJobBean.java:29)
	at org.springframework.scheduling.quartz.QuartzJobBean.execute(QuartzJobBean.java:75)
	at org.quartz.core.JobRunShell.run(JobRunShell.java:202)
	at org.quartz.simpl.SimpleThreadPool$WorkerThread.run(SimpleThreadPool.java:573)
Caused by: java.net.ConnectException: Connection refused: connect
	at java.net.DualStackPlainSocketImpl.waitForConnect(Native Method)
	at java.net.DualStackPlainSocketImpl.socketConnect(DualStackPlainSocketImpl.java:85)
	at java.net.AbstractPlainSocketImpl.doConnect(AbstractPlainSocketImpl.java:350)
	at java.net.AbstractPlainSocketImpl.connectToAddress(AbstractPlainSocketImpl.java:206)
	at java.net.AbstractPlainSocketImpl.connect(AbstractPlainSocketImpl.java:188)
	at java.net.PlainSocketImpl.connect(PlainSocketImpl.java:172)
	at java.net.SocksSocketImpl.connect(SocksSocketImpl.java:392)
	at java.net.Socket.connect(Socket.java:589)
	at org.apache.http.conn.socket.PlainConnectionSocketFactory.connectSocket(PlainConnectionSocketFactory.java:75)
	at org.apache.http.impl.conn.DefaultHttpClientConnectionOperator.connect(DefaultHttpClientConnectionOperator.java:142)
	... 19 common frames omitted
2018-07-05 14:20:11.134 ERROR [quartzScheduler_Worker-6] c.x.j.c.r.n.jetty.client.JettyClient - Connect to 192.168.66.215:9999 [/192.168.66.215] failed: Connection refused: connect
org.apache.http.conn.HttpHostConnectException: Connect to 192.168.66.215:9999 [/192.168.66.215] failed: Connection refused: connect
	at org.apache.http.impl.conn.DefaultHttpClientConnectionOperator.connect(DefaultHttpClientConnectionOperator.java:159)
	at org.apache.http.impl.conn.PoolingHttpClientConnectionManager.connect(PoolingHttpClientConnectionManager.java:373)
	at org.apache.http.impl.execchain.MainClientExec.establishRoute(MainClientExec.java:381)
	at org.apache.http.impl.execchain.MainClientExec.execute(MainClientExec.java:237)
	at org.apache.http.impl.execchain.ProtocolExec.execute(ProtocolExec.java:185)
	at org.apache.http.impl.execchain.RedirectExec.execute(RedirectExec.java:111)
	at org.apache.http.impl.client.InternalHttpClient.doExecute(InternalHttpClient.java:185)
	at org.apache.http.impl.client.CloseableHttpClient.execute(CloseableHttpClient.java:83)
	at org.apache.http.impl.client.CloseableHttpClient.execute(CloseableHttpClient.java:108)
	at com.xxl.job.core.util.HttpClientUtil.postRequest(HttpClientUtil.java:60)
	at com.xxl.job.core.rpc.netcom.jetty.client.JettyClient.send(JettyClient.java:29)
	at com.xxl.job.core.rpc.netcom.NetComClientProxy$1.invoke(NetComClientProxy.java:57)
	at com.sun.proxy.$Proxy102.run(Unknown Source)
	at com.xxl.job.admin.core.trigger.XxlJobTrigger.runExecutor(XxlJobTrigger.java:206)
	at com.xxl.job.admin.core.route.strategy.ExecutorRouteFirst.routeRun(ExecutorRouteFirst.java:26)
	at com.xxl.job.admin.core.trigger.XxlJobTrigger.trigger(XxlJobTrigger.java:173)
	at com.xxl.job.admin.core.jobbean.RemoteHttpJobBean.executeInternal(RemoteHttpJobBean.java:29)
	at org.springframework.scheduling.quartz.QuartzJobBean.execute(QuartzJobBean.java:75)
	at org.quartz.core.JobRunShell.run(JobRunShell.java:202)
	at org.quartz.simpl.SimpleThreadPool$WorkerThread.run(SimpleThreadPool.java:573)
Caused by: java.net.ConnectException: Connection refused: connect
	at java.net.DualStackPlainSocketImpl.waitForConnect(Native Method)
	at java.net.DualStackPlainSocketImpl.socketConnect(DualStackPlainSocketImpl.java:85)
	at java.net.AbstractPlainSocketImpl.doConnect(AbstractPlainSocketImpl.java:350)
	at java.net.AbstractPlainSocketImpl.connectToAddress(AbstractPlainSocketImpl.java:206)
	at java.net.AbstractPlainSocketImpl.connect(AbstractPlainSocketImpl.java:188)
	at java.net.PlainSocketImpl.connect(PlainSocketImpl.java:172)
	at java.net.SocksSocketImpl.connect(SocksSocketImpl.java:392)
	at java.net.Socket.connect(Socket.java:589)
	at org.apache.http.conn.socket.PlainConnectionSocketFactory.connectSocket(PlainConnectionSocketFactory.java:75)
	at org.apache.http.impl.conn.DefaultHttpClientConnectionOperator.connect(DefaultHttpClientConnectionOperator.java:142)
	... 19 common frames omitted
2018-07-05 14:20:11.136 ERROR [quartzScheduler_Worker-6] c.x.j.a.core.trigger.XxlJobTrigger - >>>>>>>>>>> xxl-job trigger error, please check if the executor[192.168.66.215:9999] is running.
java.lang.RuntimeException: Client-error:Connect to 192.168.66.215:9999 [/192.168.66.215] failed: Connection refused: connect
	at com.xxl.job.core.rpc.netcom.NetComClientProxy$1.invoke(NetComClientProxy.java:65)
	at com.sun.proxy.$Proxy102.run(Unknown Source)
	at com.xxl.job.admin.core.trigger.XxlJobTrigger.runExecutor(XxlJobTrigger.java:206)
	at com.xxl.job.admin.core.route.strategy.ExecutorRouteFirst.routeRun(ExecutorRouteFirst.java:26)
	at com.xxl.job.admin.core.trigger.XxlJobTrigger.trigger(XxlJobTrigger.java:173)
	at com.xxl.job.admin.core.jobbean.RemoteHttpJobBean.executeInternal(RemoteHttpJobBean.java:29)
	at org.springframework.scheduling.quartz.QuartzJobBean.execute(QuartzJobBean.java:75)
	at org.quartz.core.JobRunShell.run(JobRunShell.java:202)
	at org.quartz.simpl.SimpleThreadPool$WorkerThread.run(SimpleThreadPool.java:573)
2018-07-05 14:21:11.121 ERROR [quartzScheduler_Worker-7] com.xxl.job.core.util.HttpClientUtil - Connect to 192.168.66.215:9999 [/192.168.66.215] failed: Connection refused: connect
org.apache.http.conn.HttpHostConnectException: Connect to 192.168.66.215:9999 [/192.168.66.215] failed: Connection refused: connect
	at org.apache.http.impl.conn.DefaultHttpClientConnectionOperator.connect(DefaultHttpClientConnectionOperator.java:159)
	at org.apache.http.impl.conn.PoolingHttpClientConnectionManager.connect(PoolingHttpClientConnectionManager.java:373)
	at org.apache.http.impl.execchain.MainClientExec.establishRoute(MainClientExec.java:381)
	at org.apache.http.impl.execchain.MainClientExec.execute(MainClientExec.java:237)
	at org.apache.http.impl.execchain.ProtocolExec.execute(ProtocolExec.java:185)
	at org.apache.http.impl.execchain.RedirectExec.execute(RedirectExec.java:111)
	at org.apache.http.impl.client.InternalHttpClient.doExecute(InternalHttpClient.java:185)
	at org.apache.http.impl.client.CloseableHttpClient.execute(CloseableHttpClient.java:83)
	at org.apache.http.impl.client.CloseableHttpClient.execute(CloseableHttpClient.java:108)
	at com.xxl.job.core.util.HttpClientUtil.postRequest(HttpClientUtil.java:60)
	at com.xxl.job.core.rpc.netcom.jetty.client.JettyClient.send(JettyClient.java:29)
	at com.xxl.job.core.rpc.netcom.NetComClientProxy$1.invoke(NetComClientProxy.java:57)
	at com.sun.proxy.$Proxy102.run(Unknown Source)
	at com.xxl.job.admin.core.trigger.XxlJobTrigger.runExecutor(XxlJobTrigger.java:206)
	at com.xxl.job.admin.core.route.strategy.ExecutorRouteFirst.routeRun(ExecutorRouteFirst.java:26)
	at com.xxl.job.admin.core.trigger.XxlJobTrigger.trigger(XxlJobTrigger.java:173)
	at com.xxl.job.admin.core.jobbean.RemoteHttpJobBean.executeInternal(RemoteHttpJobBean.java:29)
	at org.springframework.scheduling.quartz.QuartzJobBean.execute(QuartzJobBean.java:75)
	at org.quartz.core.JobRunShell.run(JobRunShell.java:202)
	at org.quartz.simpl.SimpleThreadPool$WorkerThread.run(SimpleThreadPool.java:573)
Caused by: java.net.ConnectException: Connection refused: connect
	at java.net.DualStackPlainSocketImpl.waitForConnect(Native Method)
	at java.net.DualStackPlainSocketImpl.socketConnect(DualStackPlainSocketImpl.java:85)
	at java.net.AbstractPlainSocketImpl.doConnect(AbstractPlainSocketImpl.java:350)
	at java.net.AbstractPlainSocketImpl.connectToAddress(AbstractPlainSocketImpl.java:206)
	at java.net.AbstractPlainSocketImpl.connect(AbstractPlainSocketImpl.java:188)
	at java.net.PlainSocketImpl.connect(PlainSocketImpl.java:172)
	at java.net.SocksSocketImpl.connect(SocksSocketImpl.java:392)
	at java.net.Socket.connect(Socket.java:589)
	at org.apache.http.conn.socket.PlainConnectionSocketFactory.connectSocket(PlainConnectionSocketFactory.java:75)
	at org.apache.http.impl.conn.DefaultHttpClientConnectionOperator.connect(DefaultHttpClientConnectionOperator.java:142)
	... 19 common frames omitted
2018-07-05 14:21:11.125 ERROR [quartzScheduler_Worker-7] c.x.j.c.r.n.jetty.client.JettyClient - Connect to 192.168.66.215:9999 [/192.168.66.215] failed: Connection refused: connect
org.apache.http.conn.HttpHostConnectException: Connect to 192.168.66.215:9999 [/192.168.66.215] failed: Connection refused: connect
	at org.apache.http.impl.conn.DefaultHttpClientConnectionOperator.connect(DefaultHttpClientConnectionOperator.java:159)
	at org.apache.http.impl.conn.PoolingHttpClientConnectionManager.connect(PoolingHttpClientConnectionManager.java:373)
	at org.apache.http.impl.execchain.MainClientExec.establishRoute(MainClientExec.java:381)
	at org.apache.http.impl.execchain.MainClientExec.execute(MainClientExec.java:237)
	at org.apache.http.impl.execchain.ProtocolExec.execute(ProtocolExec.java:185)
	at org.apache.http.impl.execchain.RedirectExec.execute(RedirectExec.java:111)
	at org.apache.http.impl.client.InternalHttpClient.doExecute(InternalHttpClient.java:185)
	at org.apache.http.impl.client.CloseableHttpClient.execute(CloseableHttpClient.java:83)
	at org.apache.http.impl.client.CloseableHttpClient.execute(CloseableHttpClient.java:108)
	at com.xxl.job.core.util.HttpClientUtil.postRequest(HttpClientUtil.java:60)
	at com.xxl.job.core.rpc.netcom.jetty.client.JettyClient.send(JettyClient.java:29)
	at com.xxl.job.core.rpc.netcom.NetComClientProxy$1.invoke(NetComClientProxy.java:57)
	at com.sun.proxy.$Proxy102.run(Unknown Source)
	at com.xxl.job.admin.core.trigger.XxlJobTrigger.runExecutor(XxlJobTrigger.java:206)
	at com.xxl.job.admin.core.route.strategy.ExecutorRouteFirst.routeRun(ExecutorRouteFirst.java:26)
	at com.xxl.job.admin.core.trigger.XxlJobTrigger.trigger(XxlJobTrigger.java:173)
	at com.xxl.job.admin.core.jobbean.RemoteHttpJobBean.executeInternal(RemoteHttpJobBean.java:29)
	at org.springframework.scheduling.quartz.QuartzJobBean.execute(QuartzJobBean.java:75)
	at org.quartz.core.JobRunShell.run(JobRunShell.java:202)
	at org.quartz.simpl.SimpleThreadPool$WorkerThread.run(SimpleThreadPool.java:573)
Caused by: java.net.ConnectException: Connection refused: connect
	at java.net.DualStackPlainSocketImpl.waitForConnect(Native Method)
	at java.net.DualStackPlainSocketImpl.socketConnect(DualStackPlainSocketImpl.java:85)
	at java.net.AbstractPlainSocketImpl.doConnect(AbstractPlainSocketImpl.java:350)
	at java.net.AbstractPlainSocketImpl.connectToAddress(AbstractPlainSocketImpl.java:206)
	at java.net.AbstractPlainSocketImpl.connect(AbstractPlainSocketImpl.java:188)
	at java.net.PlainSocketImpl.connect(PlainSocketImpl.java:172)
	at java.net.SocksSocketImpl.connect(SocksSocketImpl.java:392)
	at java.net.Socket.connect(Socket.java:589)
	at org.apache.http.conn.socket.PlainConnectionSocketFactory.connectSocket(PlainConnectionSocketFactory.java:75)
	at org.apache.http.impl.conn.DefaultHttpClientConnectionOperator.connect(DefaultHttpClientConnectionOperator.java:142)
	... 19 common frames omitted
2018-07-05 14:21:11.128 ERROR [quartzScheduler_Worker-7] c.x.j.a.core.trigger.XxlJobTrigger - >>>>>>>>>>> xxl-job trigger error, please check if the executor[192.168.66.215:9999] is running.
java.lang.RuntimeException: Client-error:Connect to 192.168.66.215:9999 [/192.168.66.215] failed: Connection refused: connect
	at com.xxl.job.core.rpc.netcom.NetComClientProxy$1.invoke(NetComClientProxy.java:65)
	at com.sun.proxy.$Proxy102.run(Unknown Source)
	at com.xxl.job.admin.core.trigger.XxlJobTrigger.runExecutor(XxlJobTrigger.java:206)
	at com.xxl.job.admin.core.route.strategy.ExecutorRouteFirst.routeRun(ExecutorRouteFirst.java:26)
	at com.xxl.job.admin.core.trigger.XxlJobTrigger.trigger(XxlJobTrigger.java:173)
	at com.xxl.job.admin.core.jobbean.RemoteHttpJobBean.executeInternal(RemoteHttpJobBean.java:29)
	at org.springframework.scheduling.quartz.QuartzJobBean.execute(QuartzJobBean.java:75)
	at org.quartz.core.JobRunShell.run(JobRunShell.java:202)
	at org.quartz.simpl.SimpleThreadPool$WorkerThread.run(SimpleThreadPool.java:573)
2018-07-05 14:22:11.116 ERROR [quartzScheduler_Worker-8] com.xxl.job.core.util.HttpClientUtil - Connect to 192.168.66.215:9999 [/192.168.66.215] failed: Connection refused: connect
org.apache.http.conn.HttpHostConnectException: Connect to 192.168.66.215:9999 [/192.168.66.215] failed: Connection refused: connect
	at org.apache.http.impl.conn.DefaultHttpClientConnectionOperator.connect(DefaultHttpClientConnectionOperator.java:159)
	at org.apache.http.impl.conn.PoolingHttpClientConnectionManager.connect(PoolingHttpClientConnectionManager.java:373)
	at org.apache.http.impl.execchain.MainClientExec.establishRoute(MainClientExec.java:381)
	at org.apache.http.impl.execchain.MainClientExec.execute(MainClientExec.java:237)
	at org.apache.http.impl.execchain.ProtocolExec.execute(ProtocolExec.java:185)
	at org.apache.http.impl.execchain.RedirectExec.execute(RedirectExec.java:111)
	at org.apache.http.impl.client.InternalHttpClient.doExecute(InternalHttpClient.java:185)
	at org.apache.http.impl.client.CloseableHttpClient.execute(CloseableHttpClient.java:83)
	at org.apache.http.impl.client.CloseableHttpClient.execute(CloseableHttpClient.java:108)
	at com.xxl.job.core.util.HttpClientUtil.postRequest(HttpClientUtil.java:60)
	at com.xxl.job.core.rpc.netcom.jetty.client.JettyClient.send(JettyClient.java:29)
	at com.xxl.job.core.rpc.netcom.NetComClientProxy$1.invoke(NetComClientProxy.java:57)
	at com.sun.proxy.$Proxy102.run(Unknown Source)
	at com.xxl.job.admin.core.trigger.XxlJobTrigger.runExecutor(XxlJobTrigger.java:206)
	at com.xxl.job.admin.core.route.strategy.ExecutorRouteFirst.routeRun(ExecutorRouteFirst.java:26)
	at com.xxl.job.admin.core.trigger.XxlJobTrigger.trigger(XxlJobTrigger.java:173)
	at com.xxl.job.admin.core.jobbean.RemoteHttpJobBean.executeInternal(RemoteHttpJobBean.java:29)
	at org.springframework.scheduling.quartz.QuartzJobBean.execute(QuartzJobBean.java:75)
	at org.quartz.core.JobRunShell.run(JobRunShell.java:202)
	at org.quartz.simpl.SimpleThreadPool$WorkerThread.run(SimpleThreadPool.java:573)
Caused by: java.net.ConnectException: Connection refused: connect
	at java.net.DualStackPlainSocketImpl.waitForConnect(Native Method)
	at java.net.DualStackPlainSocketImpl.socketConnect(DualStackPlainSocketImpl.java:85)
	at java.net.AbstractPlainSocketImpl.doConnect(AbstractPlainSocketImpl.java:350)
	at java.net.AbstractPlainSocketImpl.connectToAddress(AbstractPlainSocketImpl.java:206)
	at java.net.AbstractPlainSocketImpl.connect(AbstractPlainSocketImpl.java:188)
	at java.net.PlainSocketImpl.connect(PlainSocketImpl.java:172)
	at java.net.SocksSocketImpl.connect(SocksSocketImpl.java:392)
	at java.net.Socket.connect(Socket.java:589)
	at org.apache.http.conn.socket.PlainConnectionSocketFactory.connectSocket(PlainConnectionSocketFactory.java:75)
	at org.apache.http.impl.conn.DefaultHttpClientConnectionOperator.connect(DefaultHttpClientConnectionOperator.java:142)
	... 19 common frames omitted
2018-07-05 14:22:11.118 ERROR [quartzScheduler_Worker-8] c.x.j.c.r.n.jetty.client.JettyClient - Connect to 192.168.66.215:9999 [/192.168.66.215] failed: Connection refused: connect
org.apache.http.conn.HttpHostConnectException: Connect to 192.168.66.215:9999 [/192.168.66.215] failed: Connection refused: connect
	at org.apache.http.impl.conn.DefaultHttpClientConnectionOperator.connect(DefaultHttpClientConnectionOperator.java:159)
	at org.apache.http.impl.conn.PoolingHttpClientConnectionManager.connect(PoolingHttpClientConnectionManager.java:373)
	at org.apache.http.impl.execchain.MainClientExec.establishRoute(MainClientExec.java:381)
	at org.apache.http.impl.execchain.MainClientExec.execute(MainClientExec.java:237)
	at org.apache.http.impl.execchain.ProtocolExec.execute(ProtocolExec.java:185)
	at org.apache.http.impl.execchain.RedirectExec.execute(RedirectExec.java:111)
	at org.apache.http.impl.client.InternalHttpClient.doExecute(InternalHttpClient.java:185)
	at org.apache.http.impl.client.CloseableHttpClient.execute(CloseableHttpClient.java:83)
	at org.apache.http.impl.client.CloseableHttpClient.execute(CloseableHttpClient.java:108)
	at com.xxl.job.core.util.HttpClientUtil.postRequest(HttpClientUtil.java:60)
	at com.xxl.job.core.rpc.netcom.jetty.client.JettyClient.send(JettyClient.java:29)
	at com.xxl.job.core.rpc.netcom.NetComClientProxy$1.invoke(NetComClientProxy.java:57)
	at com.sun.proxy.$Proxy102.run(Unknown Source)
	at com.xxl.job.admin.core.trigger.XxlJobTrigger.runExecutor(XxlJobTrigger.java:206)
	at com.xxl.job.admin.core.route.strategy.ExecutorRouteFirst.routeRun(ExecutorRouteFirst.java:26)
	at com.xxl.job.admin.core.trigger.XxlJobTrigger.trigger(XxlJobTrigger.java:173)
	at com.xxl.job.admin.core.jobbean.RemoteHttpJobBean.executeInternal(RemoteHttpJobBean.java:29)
	at org.springframework.scheduling.quartz.QuartzJobBean.execute(QuartzJobBean.java:75)
	at org.quartz.core.JobRunShell.run(JobRunShell.java:202)
	at org.quartz.simpl.SimpleThreadPool$WorkerThread.run(SimpleThreadPool.java:573)
Caused by: java.net.ConnectException: Connection refused: connect
	at java.net.DualStackPlainSocketImpl.waitForConnect(Native Method)
	at java.net.DualStackPlainSocketImpl.socketConnect(DualStackPlainSocketImpl.java:85)
	at java.net.AbstractPlainSocketImpl.doConnect(AbstractPlainSocketImpl.java:350)
	at java.net.AbstractPlainSocketImpl.connectToAddress(AbstractPlainSocketImpl.java:206)
	at java.net.AbstractPlainSocketImpl.connect(AbstractPlainSocketImpl.java:188)
	at java.net.PlainSocketImpl.connect(PlainSocketImpl.java:172)
	at java.net.SocksSocketImpl.connect(SocksSocketImpl.java:392)
	at java.net.Socket.connect(Socket.java:589)
	at org.apache.http.conn.socket.PlainConnectionSocketFactory.connectSocket(PlainConnectionSocketFactory.java:75)
	at org.apache.http.impl.conn.DefaultHttpClientConnectionOperator.connect(DefaultHttpClientConnectionOperator.java:142)
	... 19 common frames omitted
2018-07-05 14:22:11.120 ERROR [quartzScheduler_Worker-8] c.x.j.a.core.trigger.XxlJobTrigger - >>>>>>>>>>> xxl-job trigger error, please check if the executor[192.168.66.215:9999] is running.
java.lang.RuntimeException: Client-error:Connect to 192.168.66.215:9999 [/192.168.66.215] failed: Connection refused: connect
	at com.xxl.job.core.rpc.netcom.NetComClientProxy$1.invoke(NetComClientProxy.java:65)
	at com.sun.proxy.$Proxy102.run(Unknown Source)
	at com.xxl.job.admin.core.trigger.XxlJobTrigger.runExecutor(XxlJobTrigger.java:206)
	at com.xxl.job.admin.core.route.strategy.ExecutorRouteFirst.routeRun(ExecutorRouteFirst.java:26)
	at com.xxl.job.admin.core.trigger.XxlJobTrigger.trigger(XxlJobTrigger.java:173)
	at com.xxl.job.admin.core.jobbean.RemoteHttpJobBean.executeInternal(RemoteHttpJobBean.java:29)
	at org.springframework.scheduling.quartz.QuartzJobBean.execute(QuartzJobBean.java:75)
	at org.quartz.core.JobRunShell.run(JobRunShell.java:202)
	at org.quartz.simpl.SimpleThreadPool$WorkerThread.run(SimpleThreadPool.java:573)
2018-07-05 14:23:11.132 ERROR [quartzScheduler_Worker-9] com.xxl.job.core.util.HttpClientUtil - Connect to 192.168.66.215:9999 [/192.168.66.215] failed: Connection refused: connect
org.apache.http.conn.HttpHostConnectException: Connect to 192.168.66.215:9999 [/192.168.66.215] failed: Connection refused: connect
	at org.apache.http.impl.conn.DefaultHttpClientConnectionOperator.connect(DefaultHttpClientConnectionOperator.java:159)
	at org.apache.http.impl.conn.PoolingHttpClientConnectionManager.connect(PoolingHttpClientConnectionManager.java:373)
	at org.apache.http.impl.execchain.MainClientExec.establishRoute(MainClientExec.java:381)
	at org.apache.http.impl.execchain.MainClientExec.execute(MainClientExec.java:237)
	at org.apache.http.impl.execchain.ProtocolExec.execute(ProtocolExec.java:185)
	at org.apache.http.impl.execchain.RedirectExec.execute(RedirectExec.java:111)
	at org.apache.http.impl.client.InternalHttpClient.doExecute(InternalHttpClient.java:185)
	at org.apache.http.impl.client.CloseableHttpClient.execute(CloseableHttpClient.java:83)
	at org.apache.http.impl.client.CloseableHttpClient.execute(CloseableHttpClient.java:108)
	at com.xxl.job.core.util.HttpClientUtil.postRequest(HttpClientUtil.java:60)
	at com.xxl.job.core.rpc.netcom.jetty.client.JettyClient.send(JettyClient.java:29)
	at com.xxl.job.core.rpc.netcom.NetComClientProxy$1.invoke(NetComClientProxy.java:57)
	at com.sun.proxy.$Proxy102.run(Unknown Source)
	at com.xxl.job.admin.core.trigger.XxlJobTrigger.runExecutor(XxlJobTrigger.java:206)
	at com.xxl.job.admin.core.route.strategy.ExecutorRouteFirst.routeRun(ExecutorRouteFirst.java:26)
	at com.xxl.job.admin.core.trigger.XxlJobTrigger.trigger(XxlJobTrigger.java:173)
	at com.xxl.job.admin.core.jobbean.RemoteHttpJobBean.executeInternal(RemoteHttpJobBean.java:29)
	at org.springframework.scheduling.quartz.QuartzJobBean.execute(QuartzJobBean.java:75)
	at org.quartz.core.JobRunShell.run(JobRunShell.java:202)
	at org.quartz.simpl.SimpleThreadPool$WorkerThread.run(SimpleThreadPool.java:573)
Caused by: java.net.ConnectException: Connection refused: connect
	at java.net.DualStackPlainSocketImpl.waitForConnect(Native Method)
	at java.net.DualStackPlainSocketImpl.socketConnect(DualStackPlainSocketImpl.java:85)
	at java.net.AbstractPlainSocketImpl.doConnect(AbstractPlainSocketImpl.java:350)
	at java.net.AbstractPlainSocketImpl.connectToAddress(AbstractPlainSocketImpl.java:206)
	at java.net.AbstractPlainSocketImpl.connect(AbstractPlainSocketImpl.java:188)
	at java.net.PlainSocketImpl.connect(PlainSocketImpl.java:172)
	at java.net.SocksSocketImpl.connect(SocksSocketImpl.java:392)
	at java.net.Socket.connect(Socket.java:589)
	at org.apache.http.conn.socket.PlainConnectionSocketFactory.connectSocket(PlainConnectionSocketFactory.java:75)
	at org.apache.http.impl.conn.DefaultHttpClientConnectionOperator.connect(DefaultHttpClientConnectionOperator.java:142)
	... 19 common frames omitted
2018-07-05 14:23:11.139 ERROR [quartzScheduler_Worker-9] c.x.j.c.r.n.jetty.client.JettyClient - Connect to 192.168.66.215:9999 [/192.168.66.215] failed: Connection refused: connect
org.apache.http.conn.HttpHostConnectException: Connect to 192.168.66.215:9999 [/192.168.66.215] failed: Connection refused: connect
	at org.apache.http.impl.conn.DefaultHttpClientConnectionOperator.connect(DefaultHttpClientConnectionOperator.java:159)
	at org.apache.http.impl.conn.PoolingHttpClientConnectionManager.connect(PoolingHttpClientConnectionManager.java:373)
	at org.apache.http.impl.execchain.MainClientExec.establishRoute(MainClientExec.java:381)
	at org.apache.http.impl.execchain.MainClientExec.execute(MainClientExec.java:237)
	at org.apache.http.impl.execchain.ProtocolExec.execute(ProtocolExec.java:185)
	at org.apache.http.impl.execchain.RedirectExec.execute(RedirectExec.java:111)
	at org.apache.http.impl.client.InternalHttpClient.doExecute(InternalHttpClient.java:185)
	at org.apache.http.impl.client.CloseableHttpClient.execute(CloseableHttpClient.java:83)
	at org.apache.http.impl.client.CloseableHttpClient.execute(CloseableHttpClient.java:108)
	at com.xxl.job.core.util.HttpClientUtil.postRequest(HttpClientUtil.java:60)
	at com.xxl.job.core.rpc.netcom.jetty.client.JettyClient.send(JettyClient.java:29)
	at com.xxl.job.core.rpc.netcom.NetComClientProxy$1.invoke(NetComClientProxy.java:57)
	at com.sun.proxy.$Proxy102.run(Unknown Source)
	at com.xxl.job.admin.core.trigger.XxlJobTrigger.runExecutor(XxlJobTrigger.java:206)
	at com.xxl.job.admin.core.route.strategy.ExecutorRouteFirst.routeRun(ExecutorRouteFirst.java:26)
	at com.xxl.job.admin.core.trigger.XxlJobTrigger.trigger(XxlJobTrigger.java:173)
	at com.xxl.job.admin.core.jobbean.RemoteHttpJobBean.executeInternal(RemoteHttpJobBean.java:29)
	at org.springframework.scheduling.quartz.QuartzJobBean.execute(QuartzJobBean.java:75)
	at org.quartz.core.JobRunShell.run(JobRunShell.java:202)
	at org.quartz.simpl.SimpleThreadPool$WorkerThread.run(SimpleThreadPool.java:573)
Caused by: java.net.ConnectException: Connection refused: connect
	at java.net.DualStackPlainSocketImpl.waitForConnect(Native Method)
	at java.net.DualStackPlainSocketImpl.socketConnect(DualStackPlainSocketImpl.java:85)
	at java.net.AbstractPlainSocketImpl.doConnect(AbstractPlainSocketImpl.java:350)
	at java.net.AbstractPlainSocketImpl.connectToAddress(AbstractPlainSocketImpl.java:206)
	at java.net.AbstractPlainSocketImpl.connect(AbstractPlainSocketImpl.java:188)
	at java.net.PlainSocketImpl.connect(PlainSocketImpl.java:172)
	at java.net.SocksSocketImpl.connect(SocksSocketImpl.java:392)
	at java.net.Socket.connect(Socket.java:589)
	at org.apache.http.conn.socket.PlainConnectionSocketFactory.connectSocket(PlainConnectionSocketFactory.java:75)
	at org.apache.http.impl.conn.DefaultHttpClientConnectionOperator.connect(DefaultHttpClientConnectionOperator.java:142)
	... 19 common frames omitted
2018-07-05 14:23:11.142 ERROR [quartzScheduler_Worker-9] c.x.j.a.core.trigger.XxlJobTrigger - >>>>>>>>>>> xxl-job trigger error, please check if the executor[192.168.66.215:9999] is running.
java.lang.RuntimeException: Client-error:Connect to 192.168.66.215:9999 [/192.168.66.215] failed: Connection refused: connect
	at com.xxl.job.core.rpc.netcom.NetComClientProxy$1.invoke(NetComClientProxy.java:65)
	at com.sun.proxy.$Proxy102.run(Unknown Source)
	at com.xxl.job.admin.core.trigger.XxlJobTrigger.runExecutor(XxlJobTrigger.java:206)
	at com.xxl.job.admin.core.route.strategy.ExecutorRouteFirst.routeRun(ExecutorRouteFirst.java:26)
	at com.xxl.job.admin.core.trigger.XxlJobTrigger.trigger(XxlJobTrigger.java:173)
	at com.xxl.job.admin.core.jobbean.RemoteHttpJobBean.executeInternal(RemoteHttpJobBean.java:29)
	at org.springframework.scheduling.quartz.QuartzJobBean.execute(QuartzJobBean.java:75)
	at org.quartz.core.JobRunShell.run(JobRunShell.java:202)
	at org.quartz.simpl.SimpleThreadPool$WorkerThread.run(SimpleThreadPool.java:573)
2018-07-05 14:24:11.077 ERROR [quartzScheduler_Worker-10] com.xxl.job.core.util.HttpClientUtil - Connect to 192.168.66.215:9999 [/192.168.66.215] failed: Connection refused: connect
org.apache.http.conn.HttpHostConnectException: Connect to 192.168.66.215:9999 [/192.168.66.215] failed: Connection refused: connect
	at org.apache.http.impl.conn.DefaultHttpClientConnectionOperator.connect(DefaultHttpClientConnectionOperator.java:159)
	at org.apache.http.impl.conn.PoolingHttpClientConnectionManager.connect(PoolingHttpClientConnectionManager.java:373)
	at org.apache.http.impl.execchain.MainClientExec.establishRoute(MainClientExec.java:381)
	at org.apache.http.impl.execchain.MainClientExec.execute(MainClientExec.java:237)
	at org.apache.http.impl.execchain.ProtocolExec.execute(ProtocolExec.java:185)
	at org.apache.http.impl.execchain.RedirectExec.execute(RedirectExec.java:111)
	at org.apache.http.impl.client.InternalHttpClient.doExecute(InternalHttpClient.java:185)
	at org.apache.http.impl.client.CloseableHttpClient.execute(CloseableHttpClient.java:83)
	at org.apache.http.impl.client.CloseableHttpClient.execute(CloseableHttpClient.java:108)
	at com.xxl.job.core.util.HttpClientUtil.postRequest(HttpClientUtil.java:60)
	at com.xxl.job.core.rpc.netcom.jetty.client.JettyClient.send(JettyClient.java:29)
	at com.xxl.job.core.rpc.netcom.NetComClientProxy$1.invoke(NetComClientProxy.java:57)
	at com.sun.proxy.$Proxy102.run(Unknown Source)
	at com.xxl.job.admin.core.trigger.XxlJobTrigger.runExecutor(XxlJobTrigger.java:206)
	at com.xxl.job.admin.core.route.strategy.ExecutorRouteFirst.routeRun(ExecutorRouteFirst.java:26)
	at com.xxl.job.admin.core.trigger.XxlJobTrigger.trigger(XxlJobTrigger.java:173)
	at com.xxl.job.admin.core.jobbean.RemoteHttpJobBean.executeInternal(RemoteHttpJobBean.java:29)
	at org.springframework.scheduling.quartz.QuartzJobBean.execute(QuartzJobBean.java:75)
	at org.quartz.core.JobRunShell.run(JobRunShell.java:202)
	at org.quartz.simpl.SimpleThreadPool$WorkerThread.run(SimpleThreadPool.java:573)
Caused by: java.net.ConnectException: Connection refused: connect
	at java.net.DualStackPlainSocketImpl.waitForConnect(Native Method)
	at java.net.DualStackPlainSocketImpl.socketConnect(DualStackPlainSocketImpl.java:85)
	at java.net.AbstractPlainSocketImpl.doConnect(AbstractPlainSocketImpl.java:350)
	at java.net.AbstractPlainSocketImpl.connectToAddress(AbstractPlainSocketImpl.java:206)
	at java.net.AbstractPlainSocketImpl.connect(AbstractPlainSocketImpl.java:188)
	at java.net.PlainSocketImpl.connect(PlainSocketImpl.java:172)
	at java.net.SocksSocketImpl.connect(SocksSocketImpl.java:392)
	at java.net.Socket.connect(Socket.java:589)
	at org.apache.http.conn.socket.PlainConnectionSocketFactory.connectSocket(PlainConnectionSocketFactory.java:75)
	at org.apache.http.impl.conn.DefaultHttpClientConnectionOperator.connect(DefaultHttpClientConnectionOperator.java:142)
	... 19 common frames omitted
2018-07-05 14:24:11.082 ERROR [quartzScheduler_Worker-10] c.x.j.c.r.n.jetty.client.JettyClient - Connect to 192.168.66.215:9999 [/192.168.66.215] failed: Connection refused: connect
org.apache.http.conn.HttpHostConnectException: Connect to 192.168.66.215:9999 [/192.168.66.215] failed: Connection refused: connect
	at org.apache.http.impl.conn.DefaultHttpClientConnectionOperator.connect(DefaultHttpClientConnectionOperator.java:159)
	at org.apache.http.impl.conn.PoolingHttpClientConnectionManager.connect(PoolingHttpClientConnectionManager.java:373)
	at org.apache.http.impl.execchain.MainClientExec.establishRoute(MainClientExec.java:381)
	at org.apache.http.impl.execchain.MainClientExec.execute(MainClientExec.java:237)
	at org.apache.http.impl.execchain.ProtocolExec.execute(ProtocolExec.java:185)
	at org.apache.http.impl.execchain.RedirectExec.execute(RedirectExec.java:111)
	at org.apache.http.impl.client.InternalHttpClient.doExecute(InternalHttpClient.java:185)
	at org.apache.http.impl.client.CloseableHttpClient.execute(CloseableHttpClient.java:83)
	at org.apache.http.impl.client.CloseableHttpClient.execute(CloseableHttpClient.java:108)
	at com.xxl.job.core.util.HttpClientUtil.postRequest(HttpClientUtil.java:60)
	at com.xxl.job.core.rpc.netcom.jetty.client.JettyClient.send(JettyClient.java:29)
	at com.xxl.job.core.rpc.netcom.NetComClientProxy$1.invoke(NetComClientProxy.java:57)
	at com.sun.proxy.$Proxy102.run(Unknown Source)
	at com.xxl.job.admin.core.trigger.XxlJobTrigger.runExecutor(XxlJobTrigger.java:206)
	at com.xxl.job.admin.core.route.strategy.ExecutorRouteFirst.routeRun(ExecutorRouteFirst.java:26)
	at com.xxl.job.admin.core.trigger.XxlJobTrigger.trigger(XxlJobTrigger.java:173)
	at com.xxl.job.admin.core.jobbean.RemoteHttpJobBean.executeInternal(RemoteHttpJobBean.java:29)
	at org.springframework.scheduling.quartz.QuartzJobBean.execute(QuartzJobBean.java:75)
	at org.quartz.core.JobRunShell.run(JobRunShell.java:202)
	at org.quartz.simpl.SimpleThreadPool$WorkerThread.run(SimpleThreadPool.java:573)
Caused by: java.net.ConnectException: Connection refused: connect
	at java.net.DualStackPlainSocketImpl.waitForConnect(Native Method)
	at java.net.DualStackPlainSocketImpl.socketConnect(DualStackPlainSocketImpl.java:85)
	at java.net.AbstractPlainSocketImpl.doConnect(AbstractPlainSocketImpl.java:350)
	at java.net.AbstractPlainSocketImpl.connectToAddress(AbstractPlainSocketImpl.java:206)
	at java.net.AbstractPlainSocketImpl.connect(AbstractPlainSocketImpl.java:188)
	at java.net.PlainSocketImpl.connect(PlainSocketImpl.java:172)
	at java.net.SocksSocketImpl.connect(SocksSocketImpl.java:392)
	at java.net.Socket.connect(Socket.java:589)
	at org.apache.http.conn.socket.PlainConnectionSocketFactory.connectSocket(PlainConnectionSocketFactory.java:75)
	at org.apache.http.impl.conn.DefaultHttpClientConnectionOperator.connect(DefaultHttpClientConnectionOperator.java:142)
	... 19 common frames omitted
2018-07-05 14:24:11.089 ERROR [quartzScheduler_Worker-10] c.x.j.a.core.trigger.XxlJobTrigger - >>>>>>>>>>> xxl-job trigger error, please check if the executor[192.168.66.215:9999] is running.
java.lang.RuntimeException: Client-error:Connect to 192.168.66.215:9999 [/192.168.66.215] failed: Connection refused: connect
	at com.xxl.job.core.rpc.netcom.NetComClientProxy$1.invoke(NetComClientProxy.java:65)
	at com.sun.proxy.$Proxy102.run(Unknown Source)
	at com.xxl.job.admin.core.trigger.XxlJobTrigger.runExecutor(XxlJobTrigger.java:206)
	at com.xxl.job.admin.core.route.strategy.ExecutorRouteFirst.routeRun(ExecutorRouteFirst.java:26)
	at com.xxl.job.admin.core.trigger.XxlJobTrigger.trigger(XxlJobTrigger.java:173)
	at com.xxl.job.admin.core.jobbean.RemoteHttpJobBean.executeInternal(RemoteHttpJobBean.java:29)
	at org.springframework.scheduling.quartz.QuartzJobBean.execute(QuartzJobBean.java:75)
	at org.quartz.core.JobRunShell.run(JobRunShell.java:202)
	at org.quartz.simpl.SimpleThreadPool$WorkerThread.run(SimpleThreadPool.java:573)
2018-07-05 14:25:11.138 ERROR [quartzScheduler_Worker-11] com.xxl.job.core.util.HttpClientUtil - Connect to 192.168.66.215:9999 [/192.168.66.215] failed: Connection refused: connect
org.apache.http.conn.HttpHostConnectException: Connect to 192.168.66.215:9999 [/192.168.66.215] failed: Connection refused: connect
	at org.apache.http.impl.conn.DefaultHttpClientConnectionOperator.connect(DefaultHttpClientConnectionOperator.java:159)
	at org.apache.http.impl.conn.PoolingHttpClientConnectionManager.connect(PoolingHttpClientConnectionManager.java:373)
	at org.apache.http.impl.execchain.MainClientExec.establishRoute(MainClientExec.java:381)
	at org.apache.http.impl.execchain.MainClientExec.execute(MainClientExec.java:237)
	at org.apache.http.impl.execchain.ProtocolExec.execute(ProtocolExec.java:185)
	at org.apache.http.impl.execchain.RedirectExec.execute(RedirectExec.java:111)
	at org.apache.http.impl.client.InternalHttpClient.doExecute(InternalHttpClient.java:185)
	at org.apache.http.impl.client.CloseableHttpClient.execute(CloseableHttpClient.java:83)
	at org.apache.http.impl.client.CloseableHttpClient.execute(CloseableHttpClient.java:108)
	at com.xxl.job.core.util.HttpClientUtil.postRequest(HttpClientUtil.java:60)
	at com.xxl.job.core.rpc.netcom.jetty.client.JettyClient.send(JettyClient.java:29)
	at com.xxl.job.core.rpc.netcom.NetComClientProxy$1.invoke(NetComClientProxy.java:57)
	at com.sun.proxy.$Proxy102.run(Unknown Source)
	at com.xxl.job.admin.core.trigger.XxlJobTrigger.runExecutor(XxlJobTrigger.java:206)
	at com.xxl.job.admin.core.route.strategy.ExecutorRouteFirst.routeRun(ExecutorRouteFirst.java:26)
	at com.xxl.job.admin.core.trigger.XxlJobTrigger.trigger(XxlJobTrigger.java:173)
	at com.xxl.job.admin.core.jobbean.RemoteHttpJobBean.executeInternal(RemoteHttpJobBean.java:29)
	at org.springframework.scheduling.quartz.QuartzJobBean.execute(QuartzJobBean.java:75)
	at org.quartz.core.JobRunShell.run(JobRunShell.java:202)
	at org.quartz.simpl.SimpleThreadPool$WorkerThread.run(SimpleThreadPool.java:573)
Caused by: java.net.ConnectException: Connection refused: connect
	at java.net.DualStackPlainSocketImpl.waitForConnect(Native Method)
	at java.net.DualStackPlainSocketImpl.socketConnect(DualStackPlainSocketImpl.java:85)
	at java.net.AbstractPlainSocketImpl.doConnect(AbstractPlainSocketImpl.java:350)
	at java.net.AbstractPlainSocketImpl.connectToAddress(AbstractPlainSocketImpl.java:206)
	at java.net.AbstractPlainSocketImpl.connect(AbstractPlainSocketImpl.java:188)
	at java.net.PlainSocketImpl.connect(PlainSocketImpl.java:172)
	at java.net.SocksSocketImpl.connect(SocksSocketImpl.java:392)
	at java.net.Socket.connect(Socket.java:589)
	at org.apache.http.conn.socket.PlainConnectionSocketFactory.connectSocket(PlainConnectionSocketFactory.java:75)
	at org.apache.http.impl.conn.DefaultHttpClientConnectionOperator.connect(DefaultHttpClientConnectionOperator.java:142)
	... 19 common frames omitted
2018-07-05 14:25:11.143 ERROR [quartzScheduler_Worker-11] c.x.j.c.r.n.jetty.client.JettyClient - Connect to 192.168.66.215:9999 [/192.168.66.215] failed: Connection refused: connect
org.apache.http.conn.HttpHostConnectException: Connect to 192.168.66.215:9999 [/192.168.66.215] failed: Connection refused: connect
	at org.apache.http.impl.conn.DefaultHttpClientConnectionOperator.connect(DefaultHttpClientConnectionOperator.java:159)
	at org.apache.http.impl.conn.PoolingHttpClientConnectionManager.connect(PoolingHttpClientConnectionManager.java:373)
	at org.apache.http.impl.execchain.MainClientExec.establishRoute(MainClientExec.java:381)
	at org.apache.http.impl.execchain.MainClientExec.execute(MainClientExec.java:237)
	at org.apache.http.impl.execchain.ProtocolExec.execute(ProtocolExec.java:185)
	at org.apache.http.impl.execchain.RedirectExec.execute(RedirectExec.java:111)
	at org.apache.http.impl.client.InternalHttpClient.doExecute(InternalHttpClient.java:185)
	at org.apache.http.impl.client.CloseableHttpClient.execute(CloseableHttpClient.java:83)
	at org.apache.http.impl.client.CloseableHttpClient.execute(CloseableHttpClient.java:108)
	at com.xxl.job.core.util.HttpClientUtil.postRequest(HttpClientUtil.java:60)
	at com.xxl.job.core.rpc.netcom.jetty.client.JettyClient.send(JettyClient.java:29)
	at com.xxl.job.core.rpc.netcom.NetComClientProxy$1.invoke(NetComClientProxy.java:57)
	at com.sun.proxy.$Proxy102.run(Unknown Source)
	at com.xxl.job.admin.core.trigger.XxlJobTrigger.runExecutor(XxlJobTrigger.java:206)
	at com.xxl.job.admin.core.route.strategy.ExecutorRouteFirst.routeRun(ExecutorRouteFirst.java:26)
	at com.xxl.job.admin.core.trigger.XxlJobTrigger.trigger(XxlJobTrigger.java:173)
	at com.xxl.job.admin.core.jobbean.RemoteHttpJobBean.executeInternal(RemoteHttpJobBean.java:29)
	at org.springframework.scheduling.quartz.QuartzJobBean.execute(QuartzJobBean.java:75)
	at org.quartz.core.JobRunShell.run(JobRunShell.java:202)
	at org.quartz.simpl.SimpleThreadPool$WorkerThread.run(SimpleThreadPool.java:573)
Caused by: java.net.ConnectException: Connection refused: connect
	at java.net.DualStackPlainSocketImpl.waitForConnect(Native Method)
	at java.net.DualStackPlainSocketImpl.socketConnect(DualStackPlainSocketImpl.java:85)
	at java.net.AbstractPlainSocketImpl.doConnect(AbstractPlainSocketImpl.java:350)
	at java.net.AbstractPlainSocketImpl.connectToAddress(AbstractPlainSocketImpl.java:206)
	at java.net.AbstractPlainSocketImpl.connect(AbstractPlainSocketImpl.java:188)
	at java.net.PlainSocketImpl.connect(PlainSocketImpl.java:172)
	at java.net.SocksSocketImpl.connect(SocksSocketImpl.java:392)
	at java.net.Socket.connect(Socket.java:589)
	at org.apache.http.conn.socket.PlainConnectionSocketFactory.connectSocket(PlainConnectionSocketFactory.java:75)
	at org.apache.http.impl.conn.DefaultHttpClientConnectionOperator.connect(DefaultHttpClientConnectionOperator.java:142)
	... 19 common frames omitted
2018-07-05 14:25:11.145 ERROR [quartzScheduler_Worker-11] c.x.j.a.core.trigger.XxlJobTrigger - >>>>>>>>>>> xxl-job trigger error, please check if the executor[192.168.66.215:9999] is running.
java.lang.RuntimeException: Client-error:Connect to 192.168.66.215:9999 [/192.168.66.215] failed: Connection refused: connect
	at com.xxl.job.core.rpc.netcom.NetComClientProxy$1.invoke(NetComClientProxy.java:65)
	at com.sun.proxy.$Proxy102.run(Unknown Source)
	at com.xxl.job.admin.core.trigger.XxlJobTrigger.runExecutor(XxlJobTrigger.java:206)
	at com.xxl.job.admin.core.route.strategy.ExecutorRouteFirst.routeRun(ExecutorRouteFirst.java:26)
	at com.xxl.job.admin.core.trigger.XxlJobTrigger.trigger(XxlJobTrigger.java:173)
	at com.xxl.job.admin.core.jobbean.RemoteHttpJobBean.executeInternal(RemoteHttpJobBean.java:29)
	at org.springframework.scheduling.quartz.QuartzJobBean.execute(QuartzJobBean.java:75)
	at org.quartz.core.JobRunShell.run(JobRunShell.java:202)
	at org.quartz.simpl.SimpleThreadPool$WorkerThread.run(SimpleThreadPool.java:573)
2018-07-05 14:26:11.169 ERROR [quartzScheduler_Worker-12] com.xxl.job.core.util.HttpClientUtil - Connect to 192.168.66.215:9999 [/192.168.66.215] failed: Connection refused: connect
org.apache.http.conn.HttpHostConnectException: Connect to 192.168.66.215:9999 [/192.168.66.215] failed: Connection refused: connect
	at org.apache.http.impl.conn.DefaultHttpClientConnectionOperator.connect(DefaultHttpClientConnectionOperator.java:159)
	at org.apache.http.impl.conn.PoolingHttpClientConnectionManager.connect(PoolingHttpClientConnectionManager.java:373)
	at org.apache.http.impl.execchain.MainClientExec.establishRoute(MainClientExec.java:381)
	at org.apache.http.impl.execchain.MainClientExec.execute(MainClientExec.java:237)
	at org.apache.http.impl.execchain.ProtocolExec.execute(ProtocolExec.java:185)
	at org.apache.http.impl.execchain.RedirectExec.execute(RedirectExec.java:111)
	at org.apache.http.impl.client.InternalHttpClient.doExecute(InternalHttpClient.java:185)
	at org.apache.http.impl.client.CloseableHttpClient.execute(CloseableHttpClient.java:83)
	at org.apache.http.impl.client.CloseableHttpClient.execute(CloseableHttpClient.java:108)
	at com.xxl.job.core.util.HttpClientUtil.postRequest(HttpClientUtil.java:60)
	at com.xxl.job.core.rpc.netcom.jetty.client.JettyClient.send(JettyClient.java:29)
	at com.xxl.job.core.rpc.netcom.NetComClientProxy$1.invoke(NetComClientProxy.java:57)
	at com.sun.proxy.$Proxy102.run(Unknown Source)
	at com.xxl.job.admin.core.trigger.XxlJobTrigger.runExecutor(XxlJobTrigger.java:206)
	at com.xxl.job.admin.core.route.strategy.ExecutorRouteFirst.routeRun(ExecutorRouteFirst.java:26)
	at com.xxl.job.admin.core.trigger.XxlJobTrigger.trigger(XxlJobTrigger.java:173)
	at com.xxl.job.admin.core.jobbean.RemoteHttpJobBean.executeInternal(RemoteHttpJobBean.java:29)
	at org.springframework.scheduling.quartz.QuartzJobBean.execute(QuartzJobBean.java:75)
	at org.quartz.core.JobRunShell.run(JobRunShell.java:202)
	at org.quartz.simpl.SimpleThreadPool$WorkerThread.run(SimpleThreadPool.java:573)
Caused by: java.net.ConnectException: Connection refused: connect
	at java.net.DualStackPlainSocketImpl.waitForConnect(Native Method)
	at java.net.DualStackPlainSocketImpl.socketConnect(DualStackPlainSocketImpl.java:85)
	at java.net.AbstractPlainSocketImpl.doConnect(AbstractPlainSocketImpl.java:350)
	at java.net.AbstractPlainSocketImpl.connectToAddress(AbstractPlainSocketImpl.java:206)
	at java.net.AbstractPlainSocketImpl.connect(AbstractPlainSocketImpl.java:188)
	at java.net.PlainSocketImpl.connect(PlainSocketImpl.java:172)
	at java.net.SocksSocketImpl.connect(SocksSocketImpl.java:392)
	at java.net.Socket.connect(Socket.java:589)
	at org.apache.http.conn.socket.PlainConnectionSocketFactory.connectSocket(PlainConnectionSocketFactory.java:75)
	at org.apache.http.impl.conn.DefaultHttpClientConnectionOperator.connect(DefaultHttpClientConnectionOperator.java:142)
	... 19 common frames omitted
2018-07-05 14:26:11.173 ERROR [quartzScheduler_Worker-12] c.x.j.c.r.n.jetty.client.JettyClient - Connect to 192.168.66.215:9999 [/192.168.66.215] failed: Connection refused: connect
org.apache.http.conn.HttpHostConnectException: Connect to 192.168.66.215:9999 [/192.168.66.215] failed: Connection refused: connect
	at org.apache.http.impl.conn.DefaultHttpClientConnectionOperator.connect(DefaultHttpClientConnectionOperator.java:159)
	at org.apache.http.impl.conn.PoolingHttpClientConnectionManager.connect(PoolingHttpClientConnectionManager.java:373)
	at org.apache.http.impl.execchain.MainClientExec.establishRoute(MainClientExec.java:381)
	at org.apache.http.impl.execchain.MainClientExec.execute(MainClientExec.java:237)
	at org.apache.http.impl.execchain.ProtocolExec.execute(ProtocolExec.java:185)
	at org.apache.http.impl.execchain.RedirectExec.execute(RedirectExec.java:111)
	at org.apache.http.impl.client.InternalHttpClient.doExecute(InternalHttpClient.java:185)
	at org.apache.http.impl.client.CloseableHttpClient.execute(CloseableHttpClient.java:83)
	at org.apache.http.impl.client.CloseableHttpClient.execute(CloseableHttpClient.java:108)
	at com.xxl.job.core.util.HttpClientUtil.postRequest(HttpClientUtil.java:60)
	at com.xxl.job.core.rpc.netcom.jetty.client.JettyClient.send(JettyClient.java:29)
	at com.xxl.job.core.rpc.netcom.NetComClientProxy$1.invoke(NetComClientProxy.java:57)
	at com.sun.proxy.$Proxy102.run(Unknown Source)
	at com.xxl.job.admin.core.trigger.XxlJobTrigger.runExecutor(XxlJobTrigger.java:206)
	at com.xxl.job.admin.core.route.strategy.ExecutorRouteFirst.routeRun(ExecutorRouteFirst.java:26)
	at com.xxl.job.admin.core.trigger.XxlJobTrigger.trigger(XxlJobTrigger.java:173)
	at com.xxl.job.admin.core.jobbean.RemoteHttpJobBean.executeInternal(RemoteHttpJobBean.java:29)
	at org.springframework.scheduling.quartz.QuartzJobBean.execute(QuartzJobBean.java:75)
	at org.quartz.core.JobRunShell.run(JobRunShell.java:202)
	at org.quartz.simpl.SimpleThreadPool$WorkerThread.run(SimpleThreadPool.java:573)
Caused by: java.net.ConnectException: Connection refused: connect
	at java.net.DualStackPlainSocketImpl.waitForConnect(Native Method)
	at java.net.DualStackPlainSocketImpl.socketConnect(DualStackPlainSocketImpl.java:85)
	at java.net.AbstractPlainSocketImpl.doConnect(AbstractPlainSocketImpl.java:350)
	at java.net.AbstractPlainSocketImpl.connectToAddress(AbstractPlainSocketImpl.java:206)
	at java.net.AbstractPlainSocketImpl.connect(AbstractPlainSocketImpl.java:188)
	at java.net.PlainSocketImpl.connect(PlainSocketImpl.java:172)
	at java.net.SocksSocketImpl.connect(SocksSocketImpl.java:392)
	at java.net.Socket.connect(Socket.java:589)
	at org.apache.http.conn.socket.PlainConnectionSocketFactory.connectSocket(PlainConnectionSocketFactory.java:75)
	at org.apache.http.impl.conn.DefaultHttpClientConnectionOperator.connect(DefaultHttpClientConnectionOperator.java:142)
	... 19 common frames omitted
2018-07-05 14:26:11.175 ERROR [quartzScheduler_Worker-12] c.x.j.a.core.trigger.XxlJobTrigger - >>>>>>>>>>> xxl-job trigger error, please check if the executor[192.168.66.215:9999] is running.
java.lang.RuntimeException: Client-error:Connect to 192.168.66.215:9999 [/192.168.66.215] failed: Connection refused: connect
	at com.xxl.job.core.rpc.netcom.NetComClientProxy$1.invoke(NetComClientProxy.java:65)
	at com.sun.proxy.$Proxy102.run(Unknown Source)
	at com.xxl.job.admin.core.trigger.XxlJobTrigger.runExecutor(XxlJobTrigger.java:206)
	at com.xxl.job.admin.core.route.strategy.ExecutorRouteFirst.routeRun(ExecutorRouteFirst.java:26)
	at com.xxl.job.admin.core.trigger.XxlJobTrigger.trigger(XxlJobTrigger.java:173)
	at com.xxl.job.admin.core.jobbean.RemoteHttpJobBean.executeInternal(RemoteHttpJobBean.java:29)
	at org.springframework.scheduling.quartz.QuartzJobBean.execute(QuartzJobBean.java:75)
	at org.quartz.core.JobRunShell.run(JobRunShell.java:202)
	at org.quartz.simpl.SimpleThreadPool$WorkerThread.run(SimpleThreadPool.java:573)
2018-07-05 14:38:28.869 INFO  [main] c.x.job.admin.XxlJobAdminApplication - No active profile set, falling back to default profiles: default
2018-07-05 14:38:32.464 INFO  [main] c.x.job.admin.XxlJobAdminApplication - Started XxlJobAdminApplication in 6.932 seconds (JVM running for 7.914)
2018-07-05 14:43:46.568 INFO  [main] c.x.job.admin.XxlJobAdminApplication - No active profile set, falling back to default profiles: default
2018-07-05 14:43:50.292 INFO  [main] c.x.job.admin.XxlJobAdminApplication - Started XxlJobAdminApplication in 7.158 seconds (JVM running for 8.249)
2018-07-05 14:44:37.321 INFO  [http-nio-12001-exec-3] c.x.j.a.c.s.XxlJobDynamicScheduler - >>>>>>>>>>> pauseJob success, triggerKey:2.6
2018-07-05 14:58:55.017 INFO  [main] c.x.job.admin.XxlJobAdminApplication - No active profile set, falling back to default profiles: default
2018-07-05 14:58:58.678 INFO  [main] c.x.job.admin.XxlJobAdminApplication - Started XxlJobAdminApplication in 6.995 seconds (JVM running for 7.997)
2018-07-05 15:04:45.993 INFO  [main] c.x.job.admin.XxlJobAdminApplication - No active profile set, falling back to default profiles: default
2018-07-05 15:04:49.603 INFO  [main] c.x.job.admin.XxlJobAdminApplication - Started XxlJobAdminApplication in 6.904 seconds (JVM running for 7.923)
2018-07-05 15:06:30.580 INFO  [main] c.x.job.admin.XxlJobAdminApplication - No active profile set, falling back to default profiles: default
2018-07-05 15:06:34.268 INFO  [main] c.x.job.admin.XxlJobAdminApplication - Started XxlJobAdminApplication in 7.167 seconds (JVM running for 8.168)
