2018-07-05 14:27:11.128 ERROR [quartzScheduler_Worker-13] com.xxl.job.core.util.HttpClientUtil - Connect to 192.168.66.215:9999 [/192.168.66.215] failed: Connection refused: connect
org.apache.http.conn.HttpHostConnectException: Connect to 192.168.66.215:9999 [/192.168.66.215] failed: Connection refused: connect
	at org.apache.http.impl.conn.DefaultHttpClientConnectionOperator.connect(DefaultHttpClientConnectionOperator.java:159)
	at org.apache.http.impl.conn.PoolingHttpClientConnectionManager.connect(PoolingHttpClientConnectionManager.java:373)
	at org.apache.http.impl.execchain.MainClientExec.establishRoute(MainClientExec.java:381)
	at org.apache.http.impl.execchain.MainClientExec.execute(MainClientExec.java:237)
	at org.apache.http.impl.execchain.ProtocolExec.execute(ProtocolExec.java:185)
	at org.apache.http.impl.execchain.RedirectExec.execute(RedirectExec.java:111)
	at org.apache.http.impl.client.InternalHttpClient.doExecute(InternalHttpClient.java:185)
	at org.apache.http.impl.client.CloseableHttpClient.execute(CloseableHttpClient.java:83)
	at org.apache.http.impl.client.CloseableHttpClient.execute(CloseableHttpClient.java:108)
	at com.xxl.job.core.util.HttpClientUtil.postRequest(HttpClientUtil.java:60)
	at com.xxl.job.core.rpc.netcom.jetty.client.JettyClient.send(JettyClient.java:29)
	at com.xxl.job.core.rpc.netcom.NetComClientProxy$1.invoke(NetComClientProxy.java:57)
	at com.sun.proxy.$Proxy102.run(Unknown Source)
	at com.xxl.job.admin.core.trigger.XxlJobTrigger.runExecutor(XxlJobTrigger.java:206)
	at com.xxl.job.admin.core.route.strategy.ExecutorRouteFirst.routeRun(ExecutorRouteFirst.java:26)
	at com.xxl.job.admin.core.trigger.XxlJobTrigger.trigger(XxlJobTrigger.java:173)
	at com.xxl.job.admin.core.jobbean.RemoteHttpJobBean.executeInternal(RemoteHttpJobBean.java:29)
	at org.springframework.scheduling.quartz.QuartzJobBean.execute(QuartzJobBean.java:75)
	at org.quartz.core.JobRunShell.run(JobRunShell.java:202)
	at org.quartz.simpl.SimpleThreadPool$WorkerThread.run(SimpleThreadPool.java:573)
Caused by: java.net.ConnectException: Connection refused: connect
	at java.net.DualStackPlainSocketImpl.waitForConnect(Native Method)
	at java.net.DualStackPlainSocketImpl.socketConnect(DualStackPlainSocketImpl.java:85)
	at java.net.AbstractPlainSocketImpl.doConnect(AbstractPlainSocketImpl.java:350)
	at java.net.AbstractPlainSocketImpl.connectToAddress(AbstractPlainSocketImpl.java:206)
	at java.net.AbstractPlainSocketImpl.connect(AbstractPlainSocketImpl.java:188)
	at java.net.PlainSocketImpl.connect(PlainSocketImpl.java:172)
	at java.net.SocksSocketImpl.connect(SocksSocketImpl.java:392)
	at java.net.Socket.connect(Socket.java:589)
	at org.apache.http.conn.socket.PlainConnectionSocketFactory.connectSocket(PlainConnectionSocketFactory.java:75)
	at org.apache.http.impl.conn.DefaultHttpClientConnectionOperator.connect(DefaultHttpClientConnectionOperator.java:142)
	... 19 common frames omitted
2018-07-05 14:27:11.132 ERROR [quartzScheduler_Worker-13] c.x.j.c.r.n.jetty.client.JettyClient - Connect to 192.168.66.215:9999 [/192.168.66.215] failed: Connection refused: connect
org.apache.http.conn.HttpHostConnectException: Connect to 192.168.66.215:9999 [/192.168.66.215] failed: Connection refused: connect
	at org.apache.http.impl.conn.DefaultHttpClientConnectionOperator.connect(DefaultHttpClientConnectionOperator.java:159)
	at org.apache.http.impl.conn.PoolingHttpClientConnectionManager.connect(PoolingHttpClientConnectionManager.java:373)
	at org.apache.http.impl.execchain.MainClientExec.establishRoute(MainClientExec.java:381)
	at org.apache.http.impl.execchain.MainClientExec.execute(MainClientExec.java:237)
	at org.apache.http.impl.execchain.ProtocolExec.execute(ProtocolExec.java:185)
	at org.apache.http.impl.execchain.RedirectExec.execute(RedirectExec.java:111)
	at org.apache.http.impl.client.InternalHttpClient.doExecute(InternalHttpClient.java:185)
	at org.apache.http.impl.client.CloseableHttpClient.execute(CloseableHttpClient.java:83)
	at org.apache.http.impl.client.CloseableHttpClient.execute(CloseableHttpClient.java:108)
	at com.xxl.job.core.util.HttpClientUtil.postRequest(HttpClientUtil.java:60)
	at com.xxl.job.core.rpc.netcom.jetty.client.JettyClient.send(JettyClient.java:29)
	at com.xxl.job.core.rpc.netcom.NetComClientProxy$1.invoke(NetComClientProxy.java:57)
	at com.sun.proxy.$Proxy102.run(Unknown Source)
	at com.xxl.job.admin.core.trigger.XxlJobTrigger.runExecutor(XxlJobTrigger.java:206)
	at com.xxl.job.admin.core.route.strategy.ExecutorRouteFirst.routeRun(ExecutorRouteFirst.java:26)
	at com.xxl.job.admin.core.trigger.XxlJobTrigger.trigger(XxlJobTrigger.java:173)
	at com.xxl.job.admin.core.jobbean.RemoteHttpJobBean.executeInternal(RemoteHttpJobBean.java:29)
	at org.springframework.scheduling.quartz.QuartzJobBean.execute(QuartzJobBean.java:75)
	at org.quartz.core.JobRunShell.run(JobRunShell.java:202)
	at org.quartz.simpl.SimpleThreadPool$WorkerThread.run(SimpleThreadPool.java:573)
Caused by: java.net.ConnectException: Connection refused: connect
	at java.net.DualStackPlainSocketImpl.waitForConnect(Native Method)
	at java.net.DualStackPlainSocketImpl.socketConnect(DualStackPlainSocketImpl.java:85)
	at java.net.AbstractPlainSocketImpl.doConnect(AbstractPlainSocketImpl.java:350)
	at java.net.AbstractPlainSocketImpl.connectToAddress(AbstractPlainSocketImpl.java:206)
	at java.net.AbstractPlainSocketImpl.connect(AbstractPlainSocketImpl.java:188)
	at java.net.PlainSocketImpl.connect(PlainSocketImpl.java:172)
	at java.net.SocksSocketImpl.connect(SocksSocketImpl.java:392)
	at java.net.Socket.connect(Socket.java:589)
	at org.apache.http.conn.socket.PlainConnectionSocketFactory.connectSocket(PlainConnectionSocketFactory.java:75)
	at org.apache.http.impl.conn.DefaultHttpClientConnectionOperator.connect(DefaultHttpClientConnectionOperator.java:142)
	... 19 common frames omitted
2018-07-05 14:27:11.133 ERROR [quartzScheduler_Worker-13] c.x.j.a.core.trigger.XxlJobTrigger - >>>>>>>>>>> xxl-job trigger error, please check if the executor[192.168.66.215:9999] is running.
java.lang.RuntimeException: Client-error:Connect to 192.168.66.215:9999 [/192.168.66.215] failed: Connection refused: connect
	at com.xxl.job.core.rpc.netcom.NetComClientProxy$1.invoke(NetComClientProxy.java:65)
	at com.sun.proxy.$Proxy102.run(Unknown Source)
	at com.xxl.job.admin.core.trigger.XxlJobTrigger.runExecutor(XxlJobTrigger.java:206)
	at com.xxl.job.admin.core.route.strategy.ExecutorRouteFirst.routeRun(ExecutorRouteFirst.java:26)
	at com.xxl.job.admin.core.trigger.XxlJobTrigger.trigger(XxlJobTrigger.java:173)
	at com.xxl.job.admin.core.jobbean.RemoteHttpJobBean.executeInternal(RemoteHttpJobBean.java:29)
	at org.springframework.scheduling.quartz.QuartzJobBean.execute(QuartzJobBean.java:75)
	at org.quartz.core.JobRunShell.run(JobRunShell.java:202)
	at org.quartz.simpl.SimpleThreadPool$WorkerThread.run(SimpleThreadPool.java:573)
2018-07-05 14:28:11.136 ERROR [quartzScheduler_Worker-14] com.xxl.job.core.util.HttpClientUtil - Connect to 192.168.66.215:9999 [/192.168.66.215] failed: Connection refused: connect
org.apache.http.conn.HttpHostConnectException: Connect to 192.168.66.215:9999 [/192.168.66.215] failed: Connection refused: connect
	at org.apache.http.impl.conn.DefaultHttpClientConnectionOperator.connect(DefaultHttpClientConnectionOperator.java:159)
	at org.apache.http.impl.conn.PoolingHttpClientConnectionManager.connect(PoolingHttpClientConnectionManager.java:373)
	at org.apache.http.impl.execchain.MainClientExec.establishRoute(MainClientExec.java:381)
	at org.apache.http.impl.execchain.MainClientExec.execute(MainClientExec.java:237)
	at org.apache.http.impl.execchain.ProtocolExec.execute(ProtocolExec.java:185)
	at org.apache.http.impl.execchain.RedirectExec.execute(RedirectExec.java:111)
	at org.apache.http.impl.client.InternalHttpClient.doExecute(InternalHttpClient.java:185)
	at org.apache.http.impl.client.CloseableHttpClient.execute(CloseableHttpClient.java:83)
	at org.apache.http.impl.client.CloseableHttpClient.execute(CloseableHttpClient.java:108)
	at com.xxl.job.core.util.HttpClientUtil.postRequest(HttpClientUtil.java:60)
	at com.xxl.job.core.rpc.netcom.jetty.client.JettyClient.send(JettyClient.java:29)
	at com.xxl.job.core.rpc.netcom.NetComClientProxy$1.invoke(NetComClientProxy.java:57)
	at com.sun.proxy.$Proxy102.run(Unknown Source)
	at com.xxl.job.admin.core.trigger.XxlJobTrigger.runExecutor(XxlJobTrigger.java:206)
	at com.xxl.job.admin.core.route.strategy.ExecutorRouteFirst.routeRun(ExecutorRouteFirst.java:26)
	at com.xxl.job.admin.core.trigger.XxlJobTrigger.trigger(XxlJobTrigger.java:173)
	at com.xxl.job.admin.core.jobbean.RemoteHttpJobBean.executeInternal(RemoteHttpJobBean.java:29)
	at org.springframework.scheduling.quartz.QuartzJobBean.execute(QuartzJobBean.java:75)
	at org.quartz.core.JobRunShell.run(JobRunShell.java:202)
	at org.quartz.simpl.SimpleThreadPool$WorkerThread.run(SimpleThreadPool.java:573)
Caused by: java.net.ConnectException: Connection refused: connect
	at java.net.DualStackPlainSocketImpl.waitForConnect(Native Method)
	at java.net.DualStackPlainSocketImpl.socketConnect(DualStackPlainSocketImpl.java:85)
	at java.net.AbstractPlainSocketImpl.doConnect(AbstractPlainSocketImpl.java:350)
	at java.net.AbstractPlainSocketImpl.connectToAddress(AbstractPlainSocketImpl.java:206)
	at java.net.AbstractPlainSocketImpl.connect(AbstractPlainSocketImpl.java:188)
	at java.net.PlainSocketImpl.connect(PlainSocketImpl.java:172)
	at java.net.SocksSocketImpl.connect(SocksSocketImpl.java:392)
	at java.net.Socket.connect(Socket.java:589)
	at org.apache.http.conn.socket.PlainConnectionSocketFactory.connectSocket(PlainConnectionSocketFactory.java:75)
	at org.apache.http.impl.conn.DefaultHttpClientConnectionOperator.connect(DefaultHttpClientConnectionOperator.java:142)
	... 19 common frames omitted
2018-07-05 14:28:11.141 ERROR [quartzScheduler_Worker-14] c.x.j.c.r.n.jetty.client.JettyClient - Connect to 192.168.66.215:9999 [/192.168.66.215] failed: Connection refused: connect
org.apache.http.conn.HttpHostConnectException: Connect to 192.168.66.215:9999 [/192.168.66.215] failed: Connection refused: connect
	at org.apache.http.impl.conn.DefaultHttpClientConnectionOperator.connect(DefaultHttpClientConnectionOperator.java:159)
	at org.apache.http.impl.conn.PoolingHttpClientConnectionManager.connect(PoolingHttpClientConnectionManager.java:373)
	at org.apache.http.impl.execchain.MainClientExec.establishRoute(MainClientExec.java:381)
	at org.apache.http.impl.execchain.MainClientExec.execute(MainClientExec.java:237)
	at org.apache.http.impl.execchain.ProtocolExec.execute(ProtocolExec.java:185)
	at org.apache.http.impl.execchain.RedirectExec.execute(RedirectExec.java:111)
	at org.apache.http.impl.client.InternalHttpClient.doExecute(InternalHttpClient.java:185)
	at org.apache.http.impl.client.CloseableHttpClient.execute(CloseableHttpClient.java:83)
	at org.apache.http.impl.client.CloseableHttpClient.execute(CloseableHttpClient.java:108)
	at com.xxl.job.core.util.HttpClientUtil.postRequest(HttpClientUtil.java:60)
	at com.xxl.job.core.rpc.netcom.jetty.client.JettyClient.send(JettyClient.java:29)
	at com.xxl.job.core.rpc.netcom.NetComClientProxy$1.invoke(NetComClientProxy.java:57)
	at com.sun.proxy.$Proxy102.run(Unknown Source)
	at com.xxl.job.admin.core.trigger.XxlJobTrigger.runExecutor(XxlJobTrigger.java:206)
	at com.xxl.job.admin.core.route.strategy.ExecutorRouteFirst.routeRun(ExecutorRouteFirst.java:26)
	at com.xxl.job.admin.core.trigger.XxlJobTrigger.trigger(XxlJobTrigger.java:173)
	at com.xxl.job.admin.core.jobbean.RemoteHttpJobBean.executeInternal(RemoteHttpJobBean.java:29)
	at org.springframework.scheduling.quartz.QuartzJobBean.execute(QuartzJobBean.java:75)
	at org.quartz.core.JobRunShell.run(JobRunShell.java:202)
	at org.quartz.simpl.SimpleThreadPool$WorkerThread.run(SimpleThreadPool.java:573)
Caused by: java.net.ConnectException: Connection refused: connect
	at java.net.DualStackPlainSocketImpl.waitForConnect(Native Method)
	at java.net.DualStackPlainSocketImpl.socketConnect(DualStackPlainSocketImpl.java:85)
	at java.net.AbstractPlainSocketImpl.doConnect(AbstractPlainSocketImpl.java:350)
	at java.net.AbstractPlainSocketImpl.connectToAddress(AbstractPlainSocketImpl.java:206)
	at java.net.AbstractPlainSocketImpl.connect(AbstractPlainSocketImpl.java:188)
	at java.net.PlainSocketImpl.connect(PlainSocketImpl.java:172)
	at java.net.SocksSocketImpl.connect(SocksSocketImpl.java:392)
	at java.net.Socket.connect(Socket.java:589)
	at org.apache.http.conn.socket.PlainConnectionSocketFactory.connectSocket(PlainConnectionSocketFactory.java:75)
	at org.apache.http.impl.conn.DefaultHttpClientConnectionOperator.connect(DefaultHttpClientConnectionOperator.java:142)
	... 19 common frames omitted
2018-07-05 14:28:11.142 ERROR [quartzScheduler_Worker-14] c.x.j.a.core.trigger.XxlJobTrigger - >>>>>>>>>>> xxl-job trigger error, please check if the executor[192.168.66.215:9999] is running.
java.lang.RuntimeException: Client-error:Connect to 192.168.66.215:9999 [/192.168.66.215] failed: Connection refused: connect
	at com.xxl.job.core.rpc.netcom.NetComClientProxy$1.invoke(NetComClientProxy.java:65)
	at com.sun.proxy.$Proxy102.run(Unknown Source)
	at com.xxl.job.admin.core.trigger.XxlJobTrigger.runExecutor(XxlJobTrigger.java:206)
	at com.xxl.job.admin.core.route.strategy.ExecutorRouteFirst.routeRun(ExecutorRouteFirst.java:26)
	at com.xxl.job.admin.core.trigger.XxlJobTrigger.trigger(XxlJobTrigger.java:173)
	at com.xxl.job.admin.core.jobbean.RemoteHttpJobBean.executeInternal(RemoteHttpJobBean.java:29)
	at org.springframework.scheduling.quartz.QuartzJobBean.execute(QuartzJobBean.java:75)
	at org.quartz.core.JobRunShell.run(JobRunShell.java:202)
	at org.quartz.simpl.SimpleThreadPool$WorkerThread.run(SimpleThreadPool.java:573)
2018-07-05 14:29:11.137 ERROR [quartzScheduler_Worker-15] com.xxl.job.core.util.HttpClientUtil - Connect to 192.168.66.215:9999 [/192.168.66.215] failed: Connection refused: connect
org.apache.http.conn.HttpHostConnectException: Connect to 192.168.66.215:9999 [/192.168.66.215] failed: Connection refused: connect
	at org.apache.http.impl.conn.DefaultHttpClientConnectionOperator.connect(DefaultHttpClientConnectionOperator.java:159)
	at org.apache.http.impl.conn.PoolingHttpClientConnectionManager.connect(PoolingHttpClientConnectionManager.java:373)
	at org.apache.http.impl.execchain.MainClientExec.establishRoute(MainClientExec.java:381)
	at org.apache.http.impl.execchain.MainClientExec.execute(MainClientExec.java:237)
	at org.apache.http.impl.execchain.ProtocolExec.execute(ProtocolExec.java:185)
	at org.apache.http.impl.execchain.RedirectExec.execute(RedirectExec.java:111)
	at org.apache.http.impl.client.InternalHttpClient.doExecute(InternalHttpClient.java:185)
	at org.apache.http.impl.client.CloseableHttpClient.execute(CloseableHttpClient.java:83)
	at org.apache.http.impl.client.CloseableHttpClient.execute(CloseableHttpClient.java:108)
	at com.xxl.job.core.util.HttpClientUtil.postRequest(HttpClientUtil.java:60)
	at com.xxl.job.core.rpc.netcom.jetty.client.JettyClient.send(JettyClient.java:29)
	at com.xxl.job.core.rpc.netcom.NetComClientProxy$1.invoke(NetComClientProxy.java:57)
	at com.sun.proxy.$Proxy102.run(Unknown Source)
	at com.xxl.job.admin.core.trigger.XxlJobTrigger.runExecutor(XxlJobTrigger.java:206)
	at com.xxl.job.admin.core.route.strategy.ExecutorRouteFirst.routeRun(ExecutorRouteFirst.java:26)
	at com.xxl.job.admin.core.trigger.XxlJobTrigger.trigger(XxlJobTrigger.java:173)
	at com.xxl.job.admin.core.jobbean.RemoteHttpJobBean.executeInternal(RemoteHttpJobBean.java:29)
	at org.springframework.scheduling.quartz.QuartzJobBean.execute(QuartzJobBean.java:75)
	at org.quartz.core.JobRunShell.run(JobRunShell.java:202)
	at org.quartz.simpl.SimpleThreadPool$WorkerThread.run(SimpleThreadPool.java:573)
Caused by: java.net.ConnectException: Connection refused: connect
	at java.net.DualStackPlainSocketImpl.waitForConnect(Native Method)
	at java.net.DualStackPlainSocketImpl.socketConnect(DualStackPlainSocketImpl.java:85)
	at java.net.AbstractPlainSocketImpl.doConnect(AbstractPlainSocketImpl.java:350)
	at java.net.AbstractPlainSocketImpl.connectToAddress(AbstractPlainSocketImpl.java:206)
	at java.net.AbstractPlainSocketImpl.connect(AbstractPlainSocketImpl.java:188)
	at java.net.PlainSocketImpl.connect(PlainSocketImpl.java:172)
	at java.net.SocksSocketImpl.connect(SocksSocketImpl.java:392)
	at java.net.Socket.connect(Socket.java:589)
	at org.apache.http.conn.socket.PlainConnectionSocketFactory.connectSocket(PlainConnectionSocketFactory.java:75)
	at org.apache.http.impl.conn.DefaultHttpClientConnectionOperator.connect(DefaultHttpClientConnectionOperator.java:142)
	... 19 common frames omitted
2018-07-05 14:29:11.141 ERROR [quartzScheduler_Worker-15] c.x.j.c.r.n.jetty.client.JettyClient - Connect to 192.168.66.215:9999 [/192.168.66.215] failed: Connection refused: connect
org.apache.http.conn.HttpHostConnectException: Connect to 192.168.66.215:9999 [/192.168.66.215] failed: Connection refused: connect
	at org.apache.http.impl.conn.DefaultHttpClientConnectionOperator.connect(DefaultHttpClientConnectionOperator.java:159)
	at org.apache.http.impl.conn.PoolingHttpClientConnectionManager.connect(PoolingHttpClientConnectionManager.java:373)
	at org.apache.http.impl.execchain.MainClientExec.establishRoute(MainClientExec.java:381)
	at org.apache.http.impl.execchain.MainClientExec.execute(MainClientExec.java:237)
	at org.apache.http.impl.execchain.ProtocolExec.execute(ProtocolExec.java:185)
	at org.apache.http.impl.execchain.RedirectExec.execute(RedirectExec.java:111)
	at org.apache.http.impl.client.InternalHttpClient.doExecute(InternalHttpClient.java:185)
	at org.apache.http.impl.client.CloseableHttpClient.execute(CloseableHttpClient.java:83)
	at org.apache.http.impl.client.CloseableHttpClient.execute(CloseableHttpClient.java:108)
	at com.xxl.job.core.util.HttpClientUtil.postRequest(HttpClientUtil.java:60)
	at com.xxl.job.core.rpc.netcom.jetty.client.JettyClient.send(JettyClient.java:29)
	at com.xxl.job.core.rpc.netcom.NetComClientProxy$1.invoke(NetComClientProxy.java:57)
	at com.sun.proxy.$Proxy102.run(Unknown Source)
	at com.xxl.job.admin.core.trigger.XxlJobTrigger.runExecutor(XxlJobTrigger.java:206)
	at com.xxl.job.admin.core.route.strategy.ExecutorRouteFirst.routeRun(ExecutorRouteFirst.java:26)
	at com.xxl.job.admin.core.trigger.XxlJobTrigger.trigger(XxlJobTrigger.java:173)
	at com.xxl.job.admin.core.jobbean.RemoteHttpJobBean.executeInternal(RemoteHttpJobBean.java:29)
	at org.springframework.scheduling.quartz.QuartzJobBean.execute(QuartzJobBean.java:75)
	at org.quartz.core.JobRunShell.run(JobRunShell.java:202)
	at org.quartz.simpl.SimpleThreadPool$WorkerThread.run(SimpleThreadPool.java:573)
Caused by: java.net.ConnectException: Connection refused: connect
	at java.net.DualStackPlainSocketImpl.waitForConnect(Native Method)
	at java.net.DualStackPlainSocketImpl.socketConnect(DualStackPlainSocketImpl.java:85)
	at java.net.AbstractPlainSocketImpl.doConnect(AbstractPlainSocketImpl.java:350)
	at java.net.AbstractPlainSocketImpl.connectToAddress(AbstractPlainSocketImpl.java:206)
	at java.net.AbstractPlainSocketImpl.connect(AbstractPlainSocketImpl.java:188)
	at java.net.PlainSocketImpl.connect(PlainSocketImpl.java:172)
	at java.net.SocksSocketImpl.connect(SocksSocketImpl.java:392)
	at java.net.Socket.connect(Socket.java:589)
	at org.apache.http.conn.socket.PlainConnectionSocketFactory.connectSocket(PlainConnectionSocketFactory.java:75)
	at org.apache.http.impl.conn.DefaultHttpClientConnectionOperator.connect(DefaultHttpClientConnectionOperator.java:142)
	... 19 common frames omitted
2018-07-05 14:29:11.142 ERROR [quartzScheduler_Worker-15] c.x.j.a.core.trigger.XxlJobTrigger - >>>>>>>>>>> xxl-job trigger error, please check if the executor[192.168.66.215:9999] is running.
java.lang.RuntimeException: Client-error:Connect to 192.168.66.215:9999 [/192.168.66.215] failed: Connection refused: connect
	at com.xxl.job.core.rpc.netcom.NetComClientProxy$1.invoke(NetComClientProxy.java:65)
	at com.sun.proxy.$Proxy102.run(Unknown Source)
	at com.xxl.job.admin.core.trigger.XxlJobTrigger.runExecutor(XxlJobTrigger.java:206)
	at com.xxl.job.admin.core.route.strategy.ExecutorRouteFirst.routeRun(ExecutorRouteFirst.java:26)
	at com.xxl.job.admin.core.trigger.XxlJobTrigger.trigger(XxlJobTrigger.java:173)
	at com.xxl.job.admin.core.jobbean.RemoteHttpJobBean.executeInternal(RemoteHttpJobBean.java:29)
	at org.springframework.scheduling.quartz.QuartzJobBean.execute(QuartzJobBean.java:75)
	at org.quartz.core.JobRunShell.run(JobRunShell.java:202)
	at org.quartz.simpl.SimpleThreadPool$WorkerThread.run(SimpleThreadPool.java:573)
2018-07-05 14:30:42.112 INFO  [http-nio-12001-exec-1] c.x.j.a.c.s.XxlJobDynamicScheduler - >>>>>>>>>>> runJob success, jobKey:2.6
